Using pre-set license
Built from '2020.2/release' branch; Version is '2020.2.1f1 (270dd8c3da1c) revision 2559448'; Using compiler version '192528614'; Build Type 'Release'
OS: 'Windows 10  (10.0.0) 64bit' Language: 'ko' Physical Memory: 8156 MB
BatchMode: 1, IsHumanControllingUs: 0, StartBugReporterOnCrash: 0, Is64bit: 1, IsPro: 0

 COMMAND LINE ARGUMENTS:
C:\Program Files\Unity\Hub\Editor\2020.2.1f1\Editor\Unity.exe
-adb2
-batchMode
-noUpm
-name
AssetImportWorker0
-projectPath
C:/Users/user/Documents/GitHub/3D Block
-logFile
Logs/AssetImportWorker0.log
-srvPort
50712
Successfully changed project path to: C:/Users/user/Documents/GitHub/3D Block
C:/Users/user/Documents/GitHub/3D Block
Using Asset Import Pipeline V2.
Refreshing native plugins compatible for Editor in 51.68 ms, found 0 plugins.
Preloading 0 native plugins for Editor in 0.00 ms.
Initialize engine version: 2020.2.1f1 (270dd8c3da1c)
[Subsystems] Discovering subsystems at path C:/Program Files/Unity/Hub/Editor/2020.2.1f1/Editor/Data/Resources/UnitySubsystems
[Subsystems] Discovering subsystems at path C:/Users/user/Documents/GitHub/3D Block/Assets
GfxDevice: creating device client; threaded=0
Direct3D:
    Version:  Direct3D 11.0 [level 11.1]
    Renderer: NVIDIA GeForce GTX 1050 Ti (ID=0x1c82)
    Vendor:   
    VRAM:     4018 MB
    Driver:   27.21.14.6140
Initialize mono
Mono path[0] = 'C:/Program Files/Unity/Hub/Editor/2020.2.1f1/Editor/Data/Managed'
Mono path[1] = 'C:/Program Files/Unity/Hub/Editor/2020.2.1f1/Editor/Data/MonoBleedingEdge/lib/mono/unityjit'
Mono config path = 'C:/Program Files/Unity/Hub/Editor/2020.2.1f1/Editor/Data/MonoBleedingEdge/etc'
Using monoOptions --debugger-agent=transport=dt_socket,embedding=1,server=y,suspend=n,address=127.0.0.1:56280
Begin MonoManager ReloadAssembly
Registering precompiled unity dll's ...
Register platform support module: C:/Program Files/Unity/Hub/Editor/2020.2.1f1/Editor/Data/PlaybackEngines/WindowsStandaloneSupport/UnityEditor.WindowsStandalone.Extensions.dll
Registered in 0.004106 seconds.
Native extension for WindowsStandalone target not found
Refreshing native plugins compatible for Editor in 41.08 ms, found 0 plugins.
Preloading 0 native plugins for Editor in 0.00 ms.
Invoked RoslynAnalysisRunner static constructor.
RoslynAnalysisRunner will not be running.
RoslynAnalysisRunner has terminated.
Mono: successfully reloaded assembly
- Completed reload, in  4.150 seconds
Platform modules already initialized, skipping
Registering precompiled user dll's ...
Registered in 0.001497 seconds.
Begin MonoManager ReloadAssembly
Native extension for WindowsStandalone target not found
Refreshing native plugins compatible for Editor in 0.34 ms, found 0 plugins.
Preloading 0 native plugins for Editor in 0.00 ms.
Invoked RoslynAnalysisRunner static constructor.
RoslynAnalysisRunner will not be running.
RoslynAnalysisRunner has terminated.
Mono: successfully reloaded assembly
- Completed reload, in  1.357 seconds
Platform modules already initialized, skipping
========================================================================
Worker process is ready to serve import requests
Launched and connected shader compiler UnityShaderCompiler.exe after 0.06 seconds
Refreshing native plugins compatible for Editor in 0.34 ms, found 0 plugins.
Preloading 0 native plugins for Editor in 0.00 ms.
Unloading 1333 Unused Serialized files (Serialized files now loaded: 0)
System memory in use before: 77.4 MB.
System memory in use after: 77.5 MB.

Unloading 10 unused Assets to reduce memory usage. Loaded Objects now: 1801.
Total: 3.173900 ms (FindLiveObjects: 0.334100 ms CreateObjectMapping: 0.188400 ms MarkObjects: 2.524600 ms  DeleteObjects: 0.124900 ms)

========================================================================
Received Import Request.
  path: Assets/RPG Monster Duo PBR Polyart/Prefabs/SlimePBR.prefab
  artifactKey: Guid(55776efecb0cd134ea5f418c2f97a705) Importer(815301076,1909f56bfc062723c751e8b465ee728b)
Start importing Assets/RPG Monster Duo PBR Polyart/Prefabs/SlimePBR.prefab using Guid(55776efecb0cd134ea5f418c2f97a705) Importer(815301076,1909f56bfc062723c751e8b465ee728b)  -> (artifact id: '1fbcaa57189e9a4711d33bb05be634e3') in 2.182685 seconds
  Import took 2.186898 seconds .

========================================================================
Received Import Request.
  Time since last request: 6.684940 seconds.
  path: Assets/RPG Monster Duo PBR Polyart/Prefabs/SlimePBR.prefab
  artifactKey: Guid(55776efecb0cd134ea5f418c2f97a705) Importer(815301076,1909f56bfc062723c751e8b465ee728b)
Start importing Assets/RPG Monster Duo PBR Polyart/Prefabs/SlimePBR.prefab using Guid(55776efecb0cd134ea5f418c2f97a705) Importer(815301076,1909f56bfc062723c751e8b465ee728b)  -> (artifact id: '1fbcaa57189e9a4711d33bb05be634e3') in 0.023171 seconds
  Import took 0.027931 seconds .

========================================================================
Received Prepare
Registering precompiled user dll's ...
Registered in 0.001732 seconds.
Begin MonoManager ReloadAssembly
Native extension for WindowsStandalone target not found
Refreshing native plugins compatible for Editor in 0.61 ms, found 0 plugins.
Preloading 0 native plugins for Editor in 0.00 ms.
Invoked RoslynAnalysisRunner static constructor.
RoslynAnalysisRunner will not be running.
RoslynAnalysisRunner has terminated.
Mono: successfully reloaded assembly
- Completed reload, in  1.403 seconds
Platform modules already initialized, skipping
Refreshing native plugins compatible for Editor in 0.63 ms, found 0 plugins.
Preloading 0 native plugins for Editor in 0.00 ms.
Unloading 1491 Unused Serialized files (Serialized files now loaded: 0)
System memory in use before: 98.3 MB.
System memory in use after: 96.8 MB.

Unloading 26 unused Assets to reduce memory usage. Loaded Objects now: 1964.
Total: 6.213200 ms (FindLiveObjects: 0.284600 ms CreateObjectMapping: 0.141700 ms MarkObjects: 3.558300 ms  DeleteObjects: 2.225700 ms)

========================================================================
Received Import Request.
  Time since last request: 1978.111034 seconds.
  path: Assets/NGUI/Examples
  artifactKey: Guid(fa532850b018c1f429c84a0c49ccfbe7) Importer(815301076,1909f56bfc062723c751e8b465ee728b)
Start importing Assets/NGUI/Examples using Guid(fa532850b018c1f429c84a0c49ccfbe7) Importer(815301076,1909f56bfc062723c751e8b465ee728b)  -> (artifact id: 'f0ed737a96a28b25846acd2e897da0f6') in 0.015278 seconds
  Import took 0.019867 seconds .

========================================================================
Received Import Request.
  Time since last request: 0.010058 seconds.
  path: Assets/NGUI/Examples
  artifactKey: Guid(fa532850b018c1f429c84a0c49ccfbe7) Importer(815301076,1909f56bfc062723c751e8b465ee728b)
Start importing Assets/NGUI/Examples using Guid(fa532850b018c1f429c84a0c49ccfbe7) Importer(815301076,1909f56bfc062723c751e8b465ee728b)  -> (artifact id: 'f0ed737a96a28b25846acd2e897da0f6') in 0.006612 seconds
  Import took 0.011222 seconds .

========================================================================
Received Import Request.
  Time since last request: 2.889528 seconds.
  path: Assets/NGUI/Examples/Atlases
  artifactKey: Guid(676ce3872775b2245adee7611890ee93) Importer(815301076,1909f56bfc062723c751e8b465ee728b)
Start importing Assets/NGUI/Examples/Atlases using Guid(676ce3872775b2245adee7611890ee93) Importer(815301076,1909f56bfc062723c751e8b465ee728b)  -> (artifact id: '6185934a7d5835376ab758c4dffc357c') in 0.011385 seconds
  Import took 0.029437 seconds .

========================================================================
Received Import Request.
  Time since last request: 3.754446 seconds.
  path: Assets/NGUI/Examples/Scenes
  artifactKey: Guid(0a8f519a6a910514bac618a9b9ec6071) Importer(815301076,1909f56bfc062723c751e8b465ee728b)
Start importing Assets/NGUI/Examples/Scenes using Guid(0a8f519a6a910514bac618a9b9ec6071) Importer(815301076,1909f56bfc062723c751e8b465ee728b)  -> (artifact id: 'f9fe6ff4cb7ba665cb91cc7276686f74') in 0.010254 seconds
  Import took 0.023475 seconds .

========================================================================
Received Import Request.
  Time since last request: 1.320170 seconds.
  path: Assets/NGUI/Examples/Scenes/Example 3 - Menu.unity
  artifactKey: Guid(474217fc05d321a42a8e55d9b14c7f0a) Importer(815301076,1909f56bfc062723c751e8b465ee728b)
Start importing Assets/NGUI/Examples/Scenes/Example 3 - Menu.unity using Guid(474217fc05d321a42a8e55d9b14c7f0a) Importer(815301076,1909f56bfc062723c751e8b465ee728b)  -> (artifact id: 'f0912ec5ad4b142592ab04ff5870bf06') in 0.038942 seconds
  Import took 0.042813 seconds .

========================================================================
Received Import Request.
  Time since last request: 1.317347 seconds.
  path: Assets/NGUI/Examples/Scenes/Example 1 - UIAnchor.unity
  artifactKey: Guid(a1a629371c484164e85541902c003f93) Importer(815301076,1909f56bfc062723c751e8b465ee728b)
Start importing Assets/NGUI/Examples/Scenes/Example 1 - UIAnchor.unity using Guid(a1a629371c484164e85541902c003f93) Importer(815301076,1909f56bfc062723c751e8b465ee728b)  -> (artifact id: '154b9e9e4fbdffc97b4a4b7013048f6f') in 0.011796 seconds
  Import took 0.015871 seconds .

========================================================================
Received Import Request.
  Time since last request: 78.364048 seconds.
  path: Assets/NGUI/Examples/Scenes/Example 2 - Interaction.unity
  artifactKey: Guid(d07112ae35e3b49439de26a882a05e95) Importer(815301076,1909f56bfc062723c751e8b465ee728b)
Start importing Assets/NGUI/Examples/Scenes/Example 2 - Interaction.unity using Guid(d07112ae35e3b49439de26a882a05e95) Importer(815301076,1909f56bfc062723c751e8b465ee728b)  -> (artifact id: '915ccd58a88a01892227d9249b1d2691') in 0.011993 seconds
  Import took 0.016111 seconds .

========================================================================
Received Import Request.
  Time since last request: 111.206627 seconds.
  path: Assets/NGUI/Examples/Animations/Button.anim
  artifactKey: Guid(e8c465e83c3e18040884ef096f01647b) Importer(815301076,1909f56bfc062723c751e8b465ee728b)
Start importing Assets/NGUI/Examples/Animations/Button.anim using Guid(e8c465e83c3e18040884ef096f01647b) Importer(815301076,1909f56bfc062723c751e8b465ee728b)  -> (artifact id: '56272c6cf3205ca1b8183404c00fdce4') in 0.019307 seconds
  Import took 0.023502 seconds .

========================================================================
Received Import Request.
  Time since last request: 0.000606 seconds.
  path: Assets/NGUI/Examples/Animations/Button.anim
  artifactKey: Guid(e8c465e83c3e18040884ef096f01647b) Importer(815301076,1909f56bfc062723c751e8b465ee728b)
Start importing Assets/NGUI/Examples/Animations/Button.anim using Guid(e8c465e83c3e18040884ef096f01647b) Importer(815301076,1909f56bfc062723c751e8b465ee728b)  -> (artifact id: '56272c6cf3205ca1b8183404c00fdce4') in 0.006836 seconds
  Import took 0.010242 seconds .

========================================================================
Received Import Request.
  Time since last request: 1.855807 seconds.
  path: Assets/NGUI/Examples/Animations/Checkmark.anim
  artifactKey: Guid(baa794242d9902a439adb42668119f24) Importer(815301076,1909f56bfc062723c751e8b465ee728b)
Start importing Assets/NGUI/Examples/Animations/Checkmark.anim using Guid(baa794242d9902a439adb42668119f24) Importer(815301076,1909f56bfc062723c751e8b465ee728b)  -> (artifact id: 'b13f3b7bd1cbb72e2bbe7e544635f3ab') in 0.011417 seconds
  Import took 0.015199 seconds .

========================================================================
Received Import Request.
  Time since last request: 0.008509 seconds.
  path: Assets/NGUI/Examples/Animations/Checkmark.anim
  artifactKey: Guid(baa794242d9902a439adb42668119f24) Importer(815301076,1909f56bfc062723c751e8b465ee728b)
Start importing Assets/NGUI/Examples/Animations/Checkmark.anim using Guid(baa794242d9902a439adb42668119f24) Importer(815301076,1909f56bfc062723c751e8b465ee728b)  -> (artifact id: 'b13f3b7bd1cbb72e2bbe7e544635f3ab') in 0.006285 seconds
  Import took 0.009830 seconds .

========================================================================
Received Import Request.
  Time since last request: 0.576787 seconds.
  path: Assets/NGUI/Examples/Animations/Logo.anim
  artifactKey: Guid(a11ffd605e2eca74d9d8bbcb98aea4bf) Importer(815301076,1909f56bfc062723c751e8b465ee728b)
Start importing Assets/NGUI/Examples/Animations/Logo.anim using Guid(a11ffd605e2eca74d9d8bbcb98aea4bf) Importer(815301076,1909f56bfc062723c751e8b465ee728b)  -> (artifact id: 'a8b8fe670729d9f8073502ba860c2cab') in 0.012418 seconds
  Import took 0.016049 seconds .

========================================================================
Received Import Request.
  Time since last request: 0.003619 seconds.
  path: Assets/NGUI/Examples/Animations/Logo.anim
  artifactKey: Guid(a11ffd605e2eca74d9d8bbcb98aea4bf) Importer(815301076,1909f56bfc062723c751e8b465ee728b)
Start importing Assets/NGUI/Examples/Animations/Logo.anim using Guid(a11ffd605e2eca74d9d8bbcb98aea4bf) Importer(815301076,1909f56bfc062723c751e8b465ee728b)  -> (artifact id: 'a8b8fe670729d9f8073502ba860c2cab') in 0.007309 seconds
  Import took 0.010839 seconds .

========================================================================
Received Prepare
Registering precompiled user dll's ...
Registered in 0.002413 seconds.
Begin MonoManager ReloadAssembly
Native extension for WindowsStandalone target not found
Refreshing native plugins compatible for Editor in 0.36 ms, found 0 plugins.
Preloading 0 native plugins for Editor in 0.00 ms.
Invoked RoslynAnalysisRunner static constructor.
RoslynAnalysisRunner will not be running.
RoslynAnalysisRunner has terminated.
Mono: successfully reloaded assembly
- Completed reload, in  1.397 seconds
Platform modules already initialized, skipping
Refreshing native plugins compatible for Editor in 0.36 ms, found 0 plugins.
Preloading 0 native plugins for Editor in 0.00 ms.
Unloading 1490 Unused Serialized files (Serialized files now loaded: 0)
System memory in use before: 99.3 MB.
System memory in use after: 97.8 MB.

Unloading 26 unused Assets to reduce memory usage. Loaded Objects now: 1966.
Total: 4.534600 ms (FindLiveObjects: 0.281700 ms CreateObjectMapping: 0.076500 ms MarkObjects: 2.305700 ms  DeleteObjects: 1.868800 ms)

========================================================================
Received Import Request.
  Time since last request: 620.982298 seconds.
  path: Assets/Scenes/Game.unity
  artifactKey: Guid(9fc0d4010bbf28b4594072e72b8655ab) Importer(815301076,1909f56bfc062723c751e8b465ee728b)
Start importing Assets/Scenes/Game.unity using Guid(9fc0d4010bbf28b4594072e72b8655ab) Importer(815301076,1909f56bfc062723c751e8b465ee728b)  -> (artifact id: 'bf158f01707972d870d537f934813327') in 0.033917 seconds
  Import took 0.038245 seconds .

========================================================================
Received Import Request.
  Time since last request: 4.509131 seconds.
  path: Assets/NGUI
  artifactKey: Guid(2f7be5ee6d8615846adfd8b989a4d2f9) Importer(815301076,1909f56bfc062723c751e8b465ee728b)
Start importing Assets/NGUI using Guid(2f7be5ee6d8615846adfd8b989a4d2f9) Importer(815301076,1909f56bfc062723c751e8b465ee728b)  -> (artifact id: 'e57e9cff51eb43854bd4f9967a3686f8') in 0.011461 seconds
  Import took 0.015391 seconds .

========================================================================
Received Prepare
Registering precompiled user dll's ...
Registered in 0.001855 seconds.
Begin MonoManager ReloadAssembly
Native extension for WindowsStandalone target not found
Refreshing native plugins compatible for Editor in 0.33 ms, found 0 plugins.
Preloading 0 native plugins for Editor in 0.00 ms.
Invoked RoslynAnalysisRunner static constructor.
RoslynAnalysisRunner will not be running.
RoslynAnalysisRunner has terminated.
Mono: successfully reloaded assembly
- Completed reload, in  1.243 seconds
Platform modules already initialized, skipping
Refreshing native plugins compatible for Editor in 0.39 ms, found 0 plugins.
Preloading 0 native plugins for Editor in 0.00 ms.
Unloading 1317 Unused Serialized files (Serialized files now loaded: 0)
System memory in use before: 92.8 MB.
System memory in use after: 92.9 MB.

Unloading 123 unused Assets to reduce memory usage. Loaded Objects now: 1850.
Total: 2.131100 ms (FindLiveObjects: 0.295300 ms CreateObjectMapping: 0.107500 ms MarkObjects: 1.642100 ms  DeleteObjects: 0.084300 ms)

========================================================================
Received Prepare
Registering precompiled user dll's ...
Registered in 0.001608 seconds.
Begin MonoManager ReloadAssembly
Native extension for WindowsStandalone target not found
Refreshing native plugins compatible for Editor in 0.38 ms, found 0 plugins.
Preloading 0 native plugins for Editor in 0.00 ms.
Invoked RoslynAnalysisRunner static constructor.
RoslynAnalysisRunner will not be running.
RoslynAnalysisRunner has terminated.
Mono: successfully reloaded assembly
- Completed reload, in  1.148 seconds
Platform modules already initialized, skipping
Refreshing native plugins compatible for Editor in 0.40 ms, found 0 plugins.
Preloading 0 native plugins for Editor in 0.00 ms.
Unloading 1328 Unused Serialized files (Serialized files now loaded: 0)
System memory in use before: 92.5 MB.
System memory in use after: 92.6 MB.

Unloading 5 unused Assets to reduce memory usage. Loaded Objects now: 1863.
Total: 2.003200 ms (FindLiveObjects: 0.174100 ms CreateObjectMapping: 0.053100 ms MarkObjects: 1.754300 ms  DeleteObjects: 0.020100 ms)

========================================================================
Received Prepare
Registering precompiled user dll's ...
Registered in 0.001602 seconds.
Begin MonoManager ReloadAssembly
Native extension for WindowsStandalone target not found
Refreshing native plugins compatible for Editor in 0.37 ms, found 0 plugins.
Preloading 0 native plugins for Editor in 0.00 ms.
Invoked RoslynAnalysisRunner static constructor.
RoslynAnalysisRunner will not be running.
RoslynAnalysisRunner has terminated.
Mono: successfully reloaded assembly
- Completed reload, in  1.261 seconds
Platform modules already initialized, skipping
Refreshing native plugins compatible for Editor in 0.35 ms, found 0 plugins.
Preloading 0 native plugins for Editor in 0.00 ms.
Unloading 1341 Unused Serialized files (Serialized files now loaded: 0)
System memory in use before: 93.0 MB.
System memory in use after: 93.1 MB.

Unloading 5 unused Assets to reduce memory usage. Loaded Objects now: 1878.
Total: 2.082500 ms (FindLiveObjects: 0.209000 ms CreateObjectMapping: 0.122100 ms MarkObjects: 1.733400 ms  DeleteObjects: 0.016400 ms)

========================================================================
Received Import Request.
  Time since last request: 897.229134 seconds.
  path: Assets/Airy UI
  artifactKey: Guid(6744fb3f21ed6cf42b4b13aaa6502a96) Importer(815301076,1909f56bfc062723c751e8b465ee728b)
Start importing Assets/Airy UI using Guid(6744fb3f21ed6cf42b4b13aaa6502a96) Importer(815301076,1909f56bfc062723c751e8b465ee728b)  -> (artifact id: '422630d59e2f4873bef47af9c8067a6f') in 0.014955 seconds
  Import took 0.018901 seconds .

========================================================================
Received Import Request.
  Time since last request: 0.000520 seconds.
  path: Assets/Airy UI
  artifactKey: Guid(6744fb3f21ed6cf42b4b13aaa6502a96) Importer(815301076,1909f56bfc062723c751e8b465ee728b)
Start importing Assets/Airy UI using Guid(6744fb3f21ed6cf42b4b13aaa6502a96) Importer(815301076,1909f56bfc062723c751e8b465ee728b)  -> (artifact id: '422630d59e2f4873bef47af9c8067a6f') in 0.005018 seconds
  Import took 0.009267 seconds .

========================================================================
Received Import Request.
  Time since last request: 2.804349 seconds.
  path: Assets/Airy UI/Scripts
  artifactKey: Guid(a0cf928a42dc190459b20952c4200664) Importer(815301076,1909f56bfc062723c751e8b465ee728b)
Start importing Assets/Airy UI/Scripts using Guid(a0cf928a42dc190459b20952c4200664) Importer(815301076,1909f56bfc062723c751e8b465ee728b)  -> (artifact id: 'd6a9149d3d7ddcd3b0dfd8aadff2b42e') in 0.025030 seconds
  Import took 0.028876 seconds .

========================================================================
Received Import Request.
  Time since last request: 2.967028 seconds.
  path: Assets/Airy UI/Fonts
  artifactKey: Guid(b91603473e7311242be1acb7e23cbd4b) Importer(815301076,1909f56bfc062723c751e8b465ee728b)
Start importing Assets/Airy UI/Fonts using Guid(b91603473e7311242be1acb7e23cbd4b) Importer(815301076,1909f56bfc062723c751e8b465ee728b)  -> (artifact id: '9670e6ee8c24c852f53d400d77b58486') in 0.010452 seconds
  Import took 0.013913 seconds .

========================================================================
Received Import Request.
  Time since last request: 0.352467 seconds.
  path: Assets/Airy UI/Resources
  artifactKey: Guid(30fd7ebd31690b34d85bc346fb19f9d0) Importer(815301076,1909f56bfc062723c751e8b465ee728b)
Start importing Assets/Airy UI/Resources using Guid(30fd7ebd31690b34d85bc346fb19f9d0) Importer(815301076,1909f56bfc062723c751e8b465ee728b)  -> (artifact id: '24d1a7b135a813e70be27e96cef3bea2') in 0.011038 seconds
  Import took 0.014598 seconds .

========================================================================
Received Import Request.
  Time since last request: 0.394682 seconds.
  path: Assets/Airy UI/Sprites
  artifactKey: Guid(81a2463e987c60440b02085b5d886790) Importer(815301076,1909f56bfc062723c751e8b465ee728b)
Start importing Assets/Airy UI/Sprites using Guid(81a2463e987c60440b02085b5d886790) Importer(815301076,1909f56bfc062723c751e8b465ee728b)  -> (artifact id: '148f55f53574f9fc1d8581f7e5df013f') in 0.009698 seconds
  Import took 0.013309 seconds .

========================================================================
Received Import Request.
  Time since last request: 0.532153 seconds.
  path: Assets/Airy UI/Editor
  artifactKey: Guid(dfb6c47b156dfbe409d45250c3ada088) Importer(815301076,1909f56bfc062723c751e8b465ee728b)
Start importing Assets/Airy UI/Editor using Guid(dfb6c47b156dfbe409d45250c3ada088) Importer(815301076,1909f56bfc062723c751e8b465ee728b)  -> (artifact id: 'b425e00ac578cb24a777a394124686b9') in 0.011169 seconds
  Import took 0.015823 seconds .

========================================================================
Received Import Request.
  Time since last request: 0.440539 seconds.
  path: Assets/Airy UI/_Sample Scenes
  artifactKey: Guid(2e3d47bafc2640b44b804e66a0fb270d) Importer(815301076,1909f56bfc062723c751e8b465ee728b)
Start importing Assets/Airy UI/_Sample Scenes using Guid(2e3d47bafc2640b44b804e66a0fb270d) Importer(815301076,1909f56bfc062723c751e8b465ee728b)  -> (artifact id: '996eba5a4f2369452bbc3d7dc367abd5') in 0.011337 seconds
  Import took 0.015362 seconds .

========================================================================
Received Import Request.
  Time since last request: 2.640890 seconds.
  path: Assets/Airy UI/_Sample Scenes/LogIn.unity
  artifactKey: Guid(7d1a5d79017a2402da025eb2ec713e4e) Importer(815301076,1909f56bfc062723c751e8b465ee728b)
Start importing Assets/Airy UI/_Sample Scenes/LogIn.unity using Guid(7d1a5d79017a2402da025eb2ec713e4e) Importer(815301076,1909f56bfc062723c751e8b465ee728b)  -> (artifact id: '9b08d0888dbdbdcd084d930bb80b1f97') in 0.037599 seconds
  Import took 0.041411 seconds .

========================================================================
Received Import Request.
  Time since last request: 1.325002 seconds.
  path: Assets/Airy UI/_Sample Scenes/PopUp.unity
  artifactKey: Guid(c8a8158d4ee6b40a6aea1a14cb703e75) Importer(815301076,1909f56bfc062723c751e8b465ee728b)
Start importing Assets/Airy UI/_Sample Scenes/PopUp.unity using Guid(c8a8158d4ee6b40a6aea1a14cb703e75) Importer(815301076,1909f56bfc062723c751e8b465ee728b)  -> (artifact id: '978f7447efd802384b537ed3d70a6343') in 0.027204 seconds
  Import took 0.031112 seconds .

========================================================================
Received Import Request.
  Time since last request: 1.638343 seconds.
  path: Assets/Airy UI/_Sample Scenes/Smile.unity
  artifactKey: Guid(f8bde3c74f9b064428b0f0ab1cc0144d) Importer(815301076,1909f56bfc062723c751e8b465ee728b)
Start importing Assets/Airy UI/_Sample Scenes/Smile.unity using Guid(f8bde3c74f9b064428b0f0ab1cc0144d) Importer(815301076,1909f56bfc062723c751e8b465ee728b)  -> (artifact id: '4630b8d024ac9e4ff1dca84749fcb74b') in 0.010296 seconds
  Import took 0.014129 seconds .

========================================================================
Received Import Request.
  Time since last request: 1.208577 seconds.
  path: Assets/Airy UI/_Sample Scenes/Christmas.unity
  artifactKey: Guid(a74f4b003771cbd449357c6c9058d49a) Importer(815301076,1909f56bfc062723c751e8b465ee728b)
Start importing Assets/Airy UI/_Sample Scenes/Christmas.unity using Guid(a74f4b003771cbd449357c6c9058d49a) Importer(815301076,1909f56bfc062723c751e8b465ee728b)  -> (artifact id: '75ef6342a7cdbfd2780442862b47a513') in 0.011022 seconds
  Import took 0.014734 seconds .

========================================================================
Received Import Request.
  Time since last request: 0.913070 seconds.
  path: Assets/Airy UI/_Sample Scenes/Airy UI.unity
  artifactKey: Guid(55b4e6ff090818e468fcb9c7a2b0e961) Importer(815301076,1909f56bfc062723c751e8b465ee728b)
Start importing Assets/Airy UI/_Sample Scenes/Airy UI.unity using Guid(55b4e6ff090818e468fcb9c7a2b0e961) Importer(815301076,1909f56bfc062723c751e8b465ee728b)  -> (artifact id: 'e46b3245eff99abdc83809bcbffca132') in 0.020994 seconds
  Import took 0.024552 seconds .

========================================================================
Received Import Request.
  Time since last request: 22.458928 seconds.
  path: Assets/HPParticle
  artifactKey: Guid(82453ecce2467494883ed2f575154ff6) Importer(815301076,1909f56bfc062723c751e8b465ee728b)
Start importing Assets/HPParticle using Guid(82453ecce2467494883ed2f575154ff6) Importer(815301076,1909f56bfc062723c751e8b465ee728b)  -> (artifact id: 'cfd78062fce510b68a39ffa3393e100e') in 0.023950 seconds
  Import took 0.028313 seconds .

========================================================================
Received Import Request.
  Time since last request: 0.789322 seconds.
  path: Assets/HPParticle/3D Models
  artifactKey: Guid(a8a3c8ad0c9fa45b19e867c6a7b4d2de) Importer(815301076,1909f56bfc062723c751e8b465ee728b)
Start importing Assets/HPParticle/3D Models using Guid(a8a3c8ad0c9fa45b19e867c6a7b4d2de) Importer(815301076,1909f56bfc062723c751e8b465ee728b)  -> (artifact id: 'd7cf40fefa7fb3c90ed413bdf4eb81e7') in 0.011867 seconds
  Import took 0.015837 seconds .

========================================================================
Received Import Request.
  Time since last request: 0.053002 seconds.
  path: Assets/HPParticle/3D Models/Guns.fbx
  artifactKey: Guid(478766fe991764963b6b30ece1186d3e) Importer(815301076,1909f56bfc062723c751e8b465ee728b)
Start importing Assets/HPParticle/3D Models/Guns.fbx using Guid(478766fe991764963b6b30ece1186d3e) Importer(815301076,1909f56bfc062723c751e8b465ee728b)  -> (artifact id: 'd009eeda10410e7e294df40e1609f4ad') in 0.323010 seconds
  Import took 0.328149 seconds .

========================================================================
Received Import Request.
  Time since last request: 0.645541 seconds.
  path: Assets/HPParticle/3D Models/Materials
  artifactKey: Guid(0ab3fefecd34e4138b59b7bb2a3eb21d) Importer(815301076,1909f56bfc062723c751e8b465ee728b)
Start importing Assets/HPParticle/3D Models/Materials using Guid(0ab3fefecd34e4138b59b7bb2a3eb21d) Importer(815301076,1909f56bfc062723c751e8b465ee728b)  -> (artifact id: '6fcd9cca7801a1536c04e416e3a42936') in 0.017488 seconds
  Import took 0.021823 seconds .

========================================================================
Received Import Request.
  Time since last request: 0.047808 seconds.
  path: Assets/HPParticle/3D Models/Materials/unnamed.mat
  artifactKey: Guid(93f13bf5f92974885b616199bd034bd4) Importer(815301076,1909f56bfc062723c751e8b465ee728b)
Start importing Assets/HPParticle/3D Models/Materials/unnamed.mat using Guid(93f13bf5f92974885b616199bd034bd4) Importer(815301076,1909f56bfc062723c751e8b465ee728b)  -> (artifact id: 'b3dd32248447ba9d005a882a8168543d') in 0.246548 seconds
  Import took 0.250855 seconds .

========================================================================
Received Import Request.
  Time since last request: 2.612010 seconds.
  path: Assets/HPParticle/Materials
  artifactKey: Guid(89115a5fd59b746668f54282455710a6) Importer(815301076,1909f56bfc062723c751e8b465ee728b)
Start importing Assets/HPParticle/Materials using Guid(89115a5fd59b746668f54282455710a6) Importer(815301076,1909f56bfc062723c751e8b465ee728b)  -> (artifact id: '5ed4b68914dfd7551a7d77c6bfd2fbd0') in 0.005676 seconds
  Import took 0.027604 seconds .

========================================================================
Received Import Request.
  Time since last request: 0.491489 seconds.
  path: Assets/HPParticle/Prefabs
  artifactKey: Guid(e92b3fdf07e8c4ec198aa66a89cd7466) Importer(815301076,1909f56bfc062723c751e8b465ee728b)
Start importing Assets/HPParticle/Prefabs using Guid(e92b3fdf07e8c4ec198aa66a89cd7466) Importer(815301076,1909f56bfc062723c751e8b465ee728b)  -> (artifact id: '4ee9a71ef21bc248f0f6beb256399e8c') in 0.009580 seconds
  Import took 0.013543 seconds .

========================================================================
Received Import Request.
  Time since last request: 0.438897 seconds.
  path: Assets/HPParticle/Scenes
  artifactKey: Guid(3491a4b2d336948bc935623a397e5849) Importer(815301076,1909f56bfc062723c751e8b465ee728b)
Start importing Assets/HPParticle/Scenes using Guid(3491a4b2d336948bc935623a397e5849) Importer(815301076,1909f56bfc062723c751e8b465ee728b)  -> (artifact id: 'dfbd8c963e368bdf4697767d436125bf') in 0.005558 seconds
  Import took 0.009239 seconds .

========================================================================
Received Import Request.
  Time since last request: 1.479316 seconds.
  path: Assets/HPParticle/Scenes/Demo.unity
  artifactKey: Guid(ad7e71dc4d3f5439492e31674cf35b38) Importer(815301076,1909f56bfc062723c751e8b465ee728b)
Start importing Assets/HPParticle/Scenes/Demo.unity using Guid(ad7e71dc4d3f5439492e31674cf35b38) Importer(815301076,1909f56bfc062723c751e8b465ee728b)  -> (artifact id: 'c950f72bb4bf25c244a24b3b1ba761ec') in 0.010818 seconds
  Import took 0.014297 seconds .

========================================================================
Received Prepare
Registering precompiled user dll's ...
Registered in 0.001834 seconds.
Begin MonoManager ReloadAssembly
Native extension for WindowsStandalone target not found
Refreshing native plugins compatible for Editor in 0.35 ms, found 0 plugins.
Preloading 0 native plugins for Editor in 0.00 ms.
Invoked RoslynAnalysisRunner static constructor.
RoslynAnalysisRunner will not be running.
RoslynAnalysisRunner has terminated.
Mono: successfully reloaded assembly
- Completed reload, in  1.131 seconds
Platform modules already initialized, skipping
Refreshing native plugins compatible for Editor in 0.39 ms, found 0 plugins.
Preloading 0 native plugins for Editor in 0.00 ms.
Unloading 1341 Unused Serialized files (Serialized files now loaded: 0)
System memory in use before: 93.5 MB.
System memory in use after: 93.6 MB.

Unloading 5 unused Assets to reduce memory usage. Loaded Objects now: 1917.
Total: 2.221100 ms (FindLiveObjects: 0.249400 ms CreateObjectMapping: 0.075200 ms MarkObjects: 1.870800 ms  DeleteObjects: 0.023400 ms)

========================================================================
Received Import Request.
  Time since last request: 628.281017 seconds.
  path: Assets/HPParticle/Scripts
  artifactKey: Guid(5501c5df1884a40e8bbb342574b75753) Importer(815301076,1909f56bfc062723c751e8b465ee728b)
Start importing Assets/HPParticle/Scripts using Guid(5501c5df1884a40e8bbb342574b75753) Importer(815301076,1909f56bfc062723c751e8b465ee728b)  -> (artifact id: '49ceedec5eca61d5e3f4c284ba55fa17') in 0.008602 seconds
  Import took 0.037426 seconds .

========================================================================
Received Import Request.
  Time since last request: 1.022374 seconds.
  path: Assets/HPParticle/Fonts
  artifactKey: Guid(97a8cd37aced3429183da8aa5334aae9) Importer(815301076,1909f56bfc062723c751e8b465ee728b)
Start importing Assets/HPParticle/Fonts using Guid(97a8cd37aced3429183da8aa5334aae9) Importer(815301076,1909f56bfc062723c751e8b465ee728b)  -> (artifact id: 'd7c285f567941ad2fadc1bc5af19cc1a') in 0.009925 seconds
  Import took 0.013688 seconds .

========================================================================
Received Prepare
Registering precompiled user dll's ...
Registered in 0.001817 seconds.
Begin MonoManager ReloadAssembly
Native extension for WindowsStandalone target not found
Refreshing native plugins compatible for Editor in 0.35 ms, found 0 plugins.
Preloading 0 native plugins for Editor in 0.00 ms.
Invoked RoslynAnalysisRunner static constructor.
RoslynAnalysisRunner will not be running.
RoslynAnalysisRunner has terminated.
Mono: successfully reloaded assembly
- Completed reload, in  1.165 seconds
Platform modules already initialized, skipping
Refreshing native plugins compatible for Editor in 0.34 ms, found 0 plugins.
Preloading 0 native plugins for Editor in 0.00 ms.
Unloading 1317 Unused Serialized files (Serialized files now loaded: 0)
System memory in use before: 92.9 MB.
System memory in use after: 93.0 MB.

Unloading 23 unused Assets to reduce memory usage. Loaded Objects now: 1901.
Total: 2.537100 ms (FindLiveObjects: 0.360100 ms CreateObjectMapping: 0.137100 ms MarkObjects: 2.006600 ms  DeleteObjects: 0.030400 ms)

========================================================================
Received Import Request.
  Time since last request: 698.008782 seconds.
  path: Assets/Bar.png
  artifactKey: Guid(6ca67a0247ca58746a12ae2296ce8e64) Importer(815301076,1909f56bfc062723c751e8b465ee728b)
Start importing Assets/Bar.png using Guid(6ca67a0247ca58746a12ae2296ce8e64) Importer(815301076,1909f56bfc062723c751e8b465ee728b)  -> (artifact id: 'b82b51d32f7719559b238f2bd9892df0') in 0.144657 seconds
  Import took 0.149050 seconds .

========================================================================
Received Import Request.
  Time since last request: 32.191588 seconds.
  path: Assets/Sprites/Bar.png
  artifactKey: Guid(6ca67a0247ca58746a12ae2296ce8e64) Importer(815301076,1909f56bfc062723c751e8b465ee728b)
Start importing Assets/Sprites/Bar.png using Guid(6ca67a0247ca58746a12ae2296ce8e64) Importer(815301076,1909f56bfc062723c751e8b465ee728b)  -> (artifact id: '9e76578cde259d03ccf3019ff13fea94') in 0.072285 seconds
  Import took 0.076352 seconds .

========================================================================
Received Import Request.
  Time since last request: 599.039403 seconds.
  path: Assets/Prefab/Ekard_Humanoid.prefab
  artifactKey: Guid(5e948eb931d08954191a1d35a0853595) Importer(815301076,1909f56bfc062723c751e8b465ee728b)
Start importing Assets/Prefab/Ekard_Humanoid.prefab using Guid(5e948eb931d08954191a1d35a0853595) Importer(815301076,1909f56bfc062723c751e8b465ee728b)  -> (artifact id: 'bd833f4bdd3e8e458fa26026579d7cf0') in 0.240024 seconds
  Import took 0.247225 seconds .

========================================================================
Received Import Request.
  Time since last request: 30.099627 seconds.
  path: Assets/Prefab/SlimePBR.prefab
  artifactKey: Guid(55776efecb0cd134ea5f418c2f97a705) Importer(815301076,1909f56bfc062723c751e8b465ee728b)
Start importing Assets/Prefab/SlimePBR.prefab using Guid(55776efecb0cd134ea5f418c2f97a705) Importer(815301076,1909f56bfc062723c751e8b465ee728b)  -> (artifact id: 'ef3cb4d76af0c60c8638f7985d7fc586') in 0.053855 seconds
  Import took 0.087796 seconds .

========================================================================
Received Import Request.
  Time since last request: 15.696243 seconds.
  path: Assets/Prefab/SlimePBR.prefab
  artifactKey: Guid(55776efecb0cd134ea5f418c2f97a705) Importer(815301076,1909f56bfc062723c751e8b465ee728b)
Start importing Assets/Prefab/SlimePBR.prefab using Guid(55776efecb0cd134ea5f418c2f97a705) Importer(815301076,1909f56bfc062723c751e8b465ee728b)  -> (artifact id: '0c33eec36711ef615fe4057170fc0dfd') in 0.067682 seconds
  Import took 0.075748 seconds .

========================================================================
Received Import Request.
  Time since last request: 8.776781 seconds.
  path: Assets/Prefab/SlimePBR.prefab
  artifactKey: Guid(55776efecb0cd134ea5f418c2f97a705) Importer(815301076,1909f56bfc062723c751e8b465ee728b)
Start importing Assets/Prefab/SlimePBR.prefab using Guid(55776efecb0cd134ea5f418c2f97a705) Importer(815301076,1909f56bfc062723c751e8b465ee728b)  -> (artifact id: '04f3d55f704f3181a706824bf352820b') in 0.038755 seconds
  Import took 0.043958 seconds .

========================================================================
Received Import Request.
  Time since last request: 1.937644 seconds.
  path: Assets/Prefab/SlimePBR.prefab
  artifactKey: Guid(55776efecb0cd134ea5f418c2f97a705) Importer(815301076,1909f56bfc062723c751e8b465ee728b)
Start importing Assets/Prefab/SlimePBR.prefab using Guid(55776efecb0cd134ea5f418c2f97a705) Importer(815301076,1909f56bfc062723c751e8b465ee728b)  -> (artifact id: '0709d418d592f672c05e43647786513c') in 0.022082 seconds
  Import took 0.025949 seconds .

========================================================================
Received Import Request.
  Time since last request: 7.237894 seconds.
  path: Assets/Prefab/SlimePBR.prefab
  artifactKey: Guid(55776efecb0cd134ea5f418c2f97a705) Importer(815301076,1909f56bfc062723c751e8b465ee728b)
Start importing Assets/Prefab/SlimePBR.prefab using Guid(55776efecb0cd134ea5f418c2f97a705) Importer(815301076,1909f56bfc062723c751e8b465ee728b)  -> (artifact id: '858f0c1fd7dc42a8a68e7e1dc3eb097f') in 0.044754 seconds
  Import took 0.052960 seconds .

========================================================================
Received Prepare
Registering precompiled user dll's ...
Registered in 0.001650 seconds.
Begin MonoManager ReloadAssembly
Native extension for WindowsStandalone target not found
Refreshing native plugins compatible for Editor in 0.35 ms, found 0 plugins.
Preloading 0 native plugins for Editor in 0.00 ms.
Invoked RoslynAnalysisRunner static constructor.
RoslynAnalysisRunner will not be running.
RoslynAnalysisRunner has terminated.
Mono: successfully reloaded assembly
- Completed reload, in  1.366 seconds
Platform modules already initialized, skipping
Refreshing native plugins compatible for Editor in 0.34 ms, found 0 plugins.
Preloading 0 native plugins for Editor in 0.00 ms.
Unloading 1317 Unused Serialized files (Serialized files now loaded: 0)
System memory in use before: 92.9 MB.
System memory in use after: 93.0 MB.

Unloading 5 unused Assets to reduce memory usage. Loaded Objects now: 1908.
Total: 1.935200 ms (FindLiveObjects: 0.204400 ms CreateObjectMapping: 0.055200 ms MarkObjects: 1.653700 ms  DeleteObjects: 0.020500 ms)

========================================================================
Received Import Request.
  Time since last request: 1992.512708 seconds.
  path: Assets/Standard Assets/CrossPlatformInput/Sprites/ButtonArrowOverSprite.png
  artifactKey: Guid(49b611e658efbf443b686a4036f74fe3) Importer(815301076,1909f56bfc062723c751e8b465ee728b)
Start importing Assets/Standard Assets/CrossPlatformInput/Sprites/ButtonArrowOverSprite.png using Guid(49b611e658efbf443b686a4036f74fe3) Importer(815301076,1909f56bfc062723c751e8b465ee728b)  -> (artifact id: '39bd35040b528d64eccf55f4a4a5c96e') in 0.185450 seconds
  Import took 0.192687 seconds .

========================================================================
Received Import Request.
  Time since last request: 0.000294 seconds.
  path: Assets/Standard Assets/CrossPlatformInput/Sprites/ButtonBrakeUpSprite.png
  artifactKey: Guid(827c9cd4a3943534f909ac6473e17288) Importer(815301076,1909f56bfc062723c751e8b465ee728b)
Start importing Assets/Standard Assets/CrossPlatformInput/Sprites/ButtonBrakeUpSprite.png using Guid(827c9cd4a3943534f909ac6473e17288) Importer(815301076,1909f56bfc062723c751e8b465ee728b)  -> (artifact id: '3b2a9f087495628e472ba76eb0a63faa') in 0.048673 seconds
  Import took 0.051997 seconds .

========================================================================
Received Import Request.
  Time since last request: 0.000271 seconds.
  path: Assets/Standard Assets/CrossPlatformInput/Sprites/SliderHandleSprite.png
  artifactKey: Guid(0626b924325d1c34cafa6b22297f4e4f) Importer(815301076,1909f56bfc062723c751e8b465ee728b)
Start importing Assets/Standard Assets/CrossPlatformInput/Sprites/SliderHandleSprite.png using Guid(0626b924325d1c34cafa6b22297f4e4f) Importer(815301076,1909f56bfc062723c751e8b465ee728b)  -> (artifact id: '7d5946de1feb174c292cf4ab5dd7ea51') in 0.059134 seconds
  Import took 0.063206 seconds .

========================================================================
Received Import Request.
  Time since last request: 0.000311 seconds.
  path: Assets/Standard Assets/CrossPlatformInput/Sprites/ButtonThumbstickOverSprite.png
  artifactKey: Guid(5485e2f56028a3c4cb54f5caa167377e) Importer(815301076,1909f56bfc062723c751e8b465ee728b)
Start importing Assets/Standard Assets/CrossPlatformInput/Sprites/ButtonThumbstickOverSprite.png using Guid(5485e2f56028a3c4cb54f5caa167377e) Importer(815301076,1909f56bfc062723c751e8b465ee728b)  -> (artifact id: '8c2d859f5fa2e4d9ebed435593eb63f7') in 0.050613 seconds
  Import took 0.054574 seconds .

========================================================================
Received Import Request.
  Time since last request: 0.000328 seconds.
  path: Assets/Samples/Cinemachine/2.6.4/Cinemachine Example Scenes/Scenes/CameraMagnets/Proximity.png
  artifactKey: Guid(a29985f57f2a444dcae5c5e3a1ad420b) Importer(815301076,1909f56bfc062723c751e8b465ee728b)
Start importing Assets/Samples/Cinemachine/2.6.4/Cinemachine Example Scenes/Scenes/CameraMagnets/Proximity.png using Guid(a29985f57f2a444dcae5c5e3a1ad420b) Importer(815301076,1909f56bfc062723c751e8b465ee728b)  -> (artifact id: '8ef2dbd4c3dec9683bfa335e9deae13a') in 0.043169 seconds
  Import took 0.047109 seconds .

========================================================================
Received Import Request.
  Time since last request: 0.000279 seconds.
  path: Assets/Standard Assets/CrossPlatformInput/Sprites/ButtonTimescaleFullUpSprite.png
  artifactKey: Guid(0c6271a290ef75b4c97d58746c86c5b8) Importer(815301076,1909f56bfc062723c751e8b465ee728b)
Start importing Assets/Standard Assets/CrossPlatformInput/Sprites/ButtonTimescaleFullUpSprite.png using Guid(0c6271a290ef75b4c97d58746c86c5b8) Importer(815301076,1909f56bfc062723c751e8b465ee728b)  -> (artifact id: 'd2d01a18a9f40eb89e20517e7137d030') in 0.044667 seconds
  Import took 0.059104 seconds .

========================================================================
Received Import Request.
  Time since last request: 0.000291 seconds.
  path: Assets/Standard Assets/CrossPlatformInput/Sprites/ButtonTimescaleSlowUpSprite.png
  artifactKey: Guid(9d7c6e4896067aa4fa512a00f692ac1c) Importer(815301076,1909f56bfc062723c751e8b465ee728b)
Start importing Assets/Standard Assets/CrossPlatformInput/Sprites/ButtonTimescaleSlowUpSprite.png using Guid(9d7c6e4896067aa4fa512a00f692ac1c) Importer(815301076,1909f56bfc062723c751e8b465ee728b)  -> (artifact id: 'a7214daf7decb6f1db6ab984ccb812c9') in 0.047593 seconds
  Import took 0.050901 seconds .

========================================================================
Received Import Request.
  Time since last request: 0.000274 seconds.
  path: Assets/Standard Assets/CrossPlatformInput/Sprites/ButtonArrowOverSprite.png
  artifactKey: Guid(49b611e658efbf443b686a4036f74fe3) Importer(815301076,1909f56bfc062723c751e8b465ee728b)
Start importing Assets/Standard Assets/CrossPlatformInput/Sprites/ButtonArrowOverSprite.png using Guid(49b611e658efbf443b686a4036f74fe3) Importer(815301076,1909f56bfc062723c751e8b465ee728b)  -> (artifact id: '39bd35040b528d64eccf55f4a4a5c96e') in 0.017971 seconds
  Import took 0.021556 seconds .

========================================================================
Received Import Request.
  Time since last request: 0.000344 seconds.
  path: Assets/Standard Assets/CrossPlatformInput/Sprites/ButtonBrakeOverSprite.png
  artifactKey: Guid(5b1a64ea234fb2343b8d0686c51280de) Importer(815301076,1909f56bfc062723c751e8b465ee728b)
Start importing Assets/Standard Assets/CrossPlatformInput/Sprites/ButtonBrakeOverSprite.png using Guid(5b1a64ea234fb2343b8d0686c51280de) Importer(815301076,1909f56bfc062723c751e8b465ee728b)  -> (artifact id: 'd8fe2c1a5a5028023c94368fb5423776') in 0.043156 seconds
  Import took 0.047278 seconds .

========================================================================
Received Import Request.
  Time since last request: 0.000357 seconds.
  path: Assets/Standard Assets/CrossPlatformInput/Sprites/ButtonSpacebarSprite.png
  artifactKey: Guid(3d8675433a508ec47b8f895201eacf20) Importer(815301076,1909f56bfc062723c751e8b465ee728b)
Start importing Assets/Standard Assets/CrossPlatformInput/Sprites/ButtonSpacebarSprite.png using Guid(3d8675433a508ec47b8f895201eacf20) Importer(815301076,1909f56bfc062723c751e8b465ee728b)  -> (artifact id: '34c77a07da70d9dba3f71046143fabaa') in 0.036259 seconds
  Import took 0.042755 seconds .

========================================================================
Received Import Request.
  Time since last request: 0.000383 seconds.
  path: Assets/Standard Assets/CrossPlatformInput/Sprites/SliderBackgroundSprite.png
  artifactKey: Guid(ea5873cfd9158664f89459f0c9e1d853) Importer(815301076,1909f56bfc062723c751e8b465ee728b)
Start importing Assets/Standard Assets/CrossPlatformInput/Sprites/SliderBackgroundSprite.png using Guid(ea5873cfd9158664f89459f0c9e1d853) Importer(815301076,1909f56bfc062723c751e8b465ee728b)  -> (artifact id: '1e8422315956d00b17d07223c1fc8330') in 0.042039 seconds
  Import took 0.045780 seconds .

========================================================================
Received Import Request.
  Time since last request: 0.000315 seconds.
  path: Assets/Standard Assets/CrossPlatformInput/Sprites/ButtonThumbstickUpSprite.png
  artifactKey: Guid(9866a92691696b346901281f2b329034) Importer(815301076,1909f56bfc062723c751e8b465ee728b)
Start importing Assets/Standard Assets/CrossPlatformInput/Sprites/ButtonThumbstickUpSprite.png using Guid(9866a92691696b346901281f2b329034) Importer(815301076,1909f56bfc062723c751e8b465ee728b)  -> (artifact id: '92edcf84ab7edd622f364c54cba3d03c') in 0.065706 seconds
  Import took 0.070934 seconds .

========================================================================
Received Import Request.
  Time since last request: 0.000318 seconds.
  path: Assets/Standard Assets/CrossPlatformInput/Sprites/ButtonResetSprite.png
  artifactKey: Guid(a94c9a7eb94ceec4a8d67a1890e22e51) Importer(815301076,1909f56bfc062723c751e8b465ee728b)
Start importing Assets/Standard Assets/CrossPlatformInput/Sprites/ButtonResetSprite.png using Guid(a94c9a7eb94ceec4a8d67a1890e22e51) Importer(815301076,1909f56bfc062723c751e8b465ee728b)  -> (artifact id: 'e4aefdb170b2786e70d0b9ed51ce13bc') in 0.041912 seconds
  Import took 0.045666 seconds .

========================================================================
Received Import Request.
  Time since last request: 0.000481 seconds.
  path: Assets/Standard Assets/CrossPlatformInput/Sprites/ButtonArrowUpSprite.png
  artifactKey: Guid(4db017495c69e8140a56a0e2b669e3f8) Importer(815301076,1909f56bfc062723c751e8b465ee728b)
Start importing Assets/Standard Assets/CrossPlatformInput/Sprites/ButtonArrowUpSprite.png using Guid(4db017495c69e8140a56a0e2b669e3f8) Importer(815301076,1909f56bfc062723c751e8b465ee728b)  -> (artifact id: 'de751d6e07f23db8bbbee1f545724945') in 0.066831 seconds
  Import took 0.072370 seconds .

========================================================================
Received Import Request.
  Time since last request: 0.000279 seconds.
  path: Assets/Standard Assets/CrossPlatformInput/Sprites/ButtonCameraCycleUpSprite.png
  artifactKey: Guid(a3983c59ebf804b4abba687bd7c9e92f) Importer(815301076,1909f56bfc062723c751e8b465ee728b)
Start importing Assets/Standard Assets/CrossPlatformInput/Sprites/ButtonCameraCycleUpSprite.png using Guid(a3983c59ebf804b4abba687bd7c9e92f) Importer(815301076,1909f56bfc062723c751e8b465ee728b)  -> (artifact id: '6438637f5eb7e17b1589cca7abdcc523') in 0.035324 seconds
  Import took 0.039373 seconds .

========================================================================
Received Import Request.
  Time since last request: 0.000281 seconds.
  path: Assets/Samples/Cinemachine/2.6.4/Cinemachine Example Scenes/Shared/Textures/crosshair.png
  artifactKey: Guid(1a1da36a104725048b8d2388fb8d321d) Importer(815301076,1909f56bfc062723c751e8b465ee728b)
Start importing Assets/Samples/Cinemachine/2.6.4/Cinemachine Example Scenes/Shared/Textures/crosshair.png using Guid(1a1da36a104725048b8d2388fb8d321d) Importer(815301076,1909f56bfc062723c751e8b465ee728b)  -> (artifact id: '80901cfee32697d4dd4cc0dec691b143') in 0.045128 seconds
  Import took 0.048699 seconds .

========================================================================
Received Prepare
Registering precompiled user dll's ...
Registered in 0.001700 seconds.
Begin MonoManager ReloadAssembly
Native extension for WindowsStandalone target not found
Refreshing native plugins compatible for Editor in 0.53 ms, found 0 plugins.
Preloading 0 native plugins for Editor in 0.00 ms.
Invoked RoslynAnalysisRunner static constructor.
RoslynAnalysisRunner will not be running.
RoslynAnalysisRunner has terminated.
Mono: successfully reloaded assembly
- Completed reload, in  1.248 seconds
Platform modules already initialized, skipping
Refreshing native plugins compatible for Editor in 0.33 ms, found 0 plugins.
Preloading 0 native plugins for Editor in 0.00 ms.
Unloading 1317 Unused Serialized files (Serialized files now loaded: 0)
System memory in use before: 92.9 MB.
System memory in use after: 93.0 MB.

Unloading 5 unused Assets to reduce memory usage. Loaded Objects now: 1916.
Total: 1.916900 ms (FindLiveObjects: 0.180300 ms CreateObjectMapping: 0.052200 ms MarkObjects: 1.663600 ms  DeleteObjects: 0.019100 ms)

========================================================================
Received Prepare
Registering precompiled user dll's ...
Registered in 0.001802 seconds.
Begin MonoManager ReloadAssembly
Native extension for WindowsStandalone target not found
Refreshing native plugins compatible for Editor in 0.51 ms, found 0 plugins.
Preloading 0 native plugins for Editor in 0.00 ms.
Invoked RoslynAnalysisRunner static constructor.
RoslynAnalysisRunner will not be running.
RoslynAnalysisRunner has terminated.
Mono: successfully reloaded assembly
- Completed reload, in  1.429 seconds
Platform modules already initialized, skipping
Refreshing native plugins compatible for Editor in 0.33 ms, found 0 plugins.
Preloading 0 native plugins for Editor in 0.00 ms.
Unloading 1317 Unused Serialized files (Serialized files now loaded: 0)
System memory in use before: 92.8 MB.
System memory in use after: 93.0 MB.

Unloading 5 unused Assets to reduce memory usage. Loaded Objects now: 1918.
Total: 2.057900 ms (FindLiveObjects: 0.250200 ms CreateObjectMapping: 0.103700 ms MarkObjects: 1.685800 ms  DeleteObjects: 0.016500 ms)

========================================================================
Received Import Request.
  Time since last request: 226.998199 seconds.
  path: Assets/Script/HealthBarMonster.cs
  artifactKey: Guid(922548d99e5b32c449f34de5c23f6b01) Importer(815301076,1909f56bfc062723c751e8b465ee728b)
Start importing Assets/Script/HealthBarMonster.cs using Guid(922548d99e5b32c449f34de5c23f6b01) Importer(815301076,1909f56bfc062723c751e8b465ee728b)  -> (artifact id: '5aadea30cc61d9889ab1cf3aec1f503f') in 0.041855 seconds
  Import took 0.046929 seconds .

========================================================================
Received Import Request.
  Time since last request: 0.000444 seconds.
  path: Assets/Script/HealthBarMonster.cs
  artifactKey: Guid(922548d99e5b32c449f34de5c23f6b01) Importer(815301076,1909f56bfc062723c751e8b465ee728b)
Start importing Assets/Script/HealthBarMonster.cs using Guid(922548d99e5b32c449f34de5c23f6b01) Importer(815301076,1909f56bfc062723c751e8b465ee728b)  -> (artifact id: '5aadea30cc61d9889ab1cf3aec1f503f') in 0.006777 seconds
  Import took 0.010789 seconds .

========================================================================
Received Import Request.
  Time since last request: 38.650383 seconds.
  path: Assets/Script/HealthBarMonster.cs
  artifactKey: Guid(922548d99e5b32c449f34de5c23f6b01) Importer(815301076,1909f56bfc062723c751e8b465ee728b)
Start importing Assets/Script/HealthBarMonster.cs using Guid(922548d99e5b32c449f34de5c23f6b01) Importer(815301076,1909f56bfc062723c751e8b465ee728b)  -> (artifact id: '36d2b76f088f8e3758c4f5ec034bc73f') in 0.013185 seconds
  Import took 0.151097 seconds .

========================================================================
Received Import Request.
  Time since last request: 5.099346 seconds.
  path: Assets/Script/HealthBarMonster.cs
  artifactKey: Guid(922548d99e5b32c449f34de5c23f6b01) Importer(815301076,1909f56bfc062723c751e8b465ee728b)
Start importing Assets/Script/HealthBarMonster.cs using Guid(922548d99e5b32c449f34de5c23f6b01) Importer(815301076,1909f56bfc062723c751e8b465ee728b)  -> (artifact id: 'fecd71ab06a0fd298235f0196ff48e45') in 0.023353 seconds
  Import took 0.070190 seconds .

========================================================================
Received Import Request.
  Time since last request: 6.501764 seconds.
  path: Assets/Script/HealthBarMonster.cs
  artifactKey: Guid(922548d99e5b32c449f34de5c23f6b01) Importer(815301076,1909f56bfc062723c751e8b465ee728b)
Start importing Assets/Script/HealthBarMonster.cs using Guid(922548d99e5b32c449f34de5c23f6b01) Importer(815301076,1909f56bfc062723c751e8b465ee728b)  -> (artifact id: '4495f90ce557ec3b6f34c4d2c6a225f5') in 0.010840 seconds
  Import took 0.030374 seconds .

========================================================================
Received Import Request.
  Time since last request: 30.283375 seconds.
  path: Assets/Script/HealthBarMonster.cs
  artifactKey: Guid(922548d99e5b32c449f34de5c23f6b01) Importer(815301076,1909f56bfc062723c751e8b465ee728b)
Start importing Assets/Script/HealthBarMonster.cs using Guid(922548d99e5b32c449f34de5c23f6b01) Importer(815301076,1909f56bfc062723c751e8b465ee728b)  -> (artifact id: 'a629bef56cdd4403af88e5c0203f0178') in 0.026306 seconds
  Import took 0.049786 seconds .

========================================================================
Received Import Request.
  Time since last request: 47.297631 seconds.
  path: Assets/Script/HealthBarMonster.cs
  artifactKey: Guid(922548d99e5b32c449f34de5c23f6b01) Importer(815301076,1909f56bfc062723c751e8b465ee728b)
Start importing Assets/Script/HealthBarMonster.cs using Guid(922548d99e5b32c449f34de5c23f6b01) Importer(815301076,1909f56bfc062723c751e8b465ee728b)  -> (artifact id: '954e75abca58299173763fd90f3e0f24') in 0.010599 seconds
  Import took 0.026260 seconds .

========================================================================
Received Import Request.
  Time since last request: 117.997691 seconds.
  path: Assets/Script/HealthBarMonster.cs
  artifactKey: Guid(922548d99e5b32c449f34de5c23f6b01) Importer(815301076,1909f56bfc062723c751e8b465ee728b)
Start importing Assets/Script/HealthBarMonster.cs using Guid(922548d99e5b32c449f34de5c23f6b01) Importer(815301076,1909f56bfc062723c751e8b465ee728b)  -> (artifact id: '6e60c650349e1bf01cd3674521e07f08') in 0.006492 seconds
  Import took 0.021011 seconds .

========================================================================
Received Prepare
Registering precompiled user dll's ...
Registered in 0.002514 seconds.
Begin MonoManager ReloadAssembly
Native extension for WindowsStandalone target not found
Refreshing native plugins compatible for Editor in 0.34 ms, found 0 plugins.
Preloading 0 native plugins for Editor in 0.00 ms.
Invoked RoslynAnalysisRunner static constructor.
RoslynAnalysisRunner will not be running.
RoslynAnalysisRunner has terminated.
Mono: successfully reloaded assembly
- Completed reload, in  1.205 seconds
Platform modules already initialized, skipping
Refreshing native plugins compatible for Editor in 0.39 ms, found 0 plugins.
Preloading 0 native plugins for Editor in 0.00 ms.
Unloading 1318 Unused Serialized files (Serialized files now loaded: 0)
System memory in use before: 92.9 MB.
System memory in use after: 93.0 MB.

Unloading 5 unused Assets to reduce memory usage. Loaded Objects now: 1921.
Total: 1.878900 ms (FindLiveObjects: 0.221500 ms CreateObjectMapping: 0.050200 ms MarkObjects: 1.590800 ms  DeleteObjects: 0.015200 ms)

========================================================================
Received Prepare
Registering precompiled user dll's ...
Registered in 0.001661 seconds.
Begin MonoManager ReloadAssembly
Native extension for WindowsStandalone target not found
Refreshing native plugins compatible for Editor in 0.32 ms, found 0 plugins.
Preloading 0 native plugins for Editor in 0.00 ms.
Invoked RoslynAnalysisRunner static constructor.
RoslynAnalysisRunner will not be running.
RoslynAnalysisRunner has terminated.
Mono: successfully reloaded assembly
- Completed reload, in  1.360 seconds
Platform modules already initialized, skipping
Refreshing native plugins compatible for Editor in 0.40 ms, found 0 plugins.
Preloading 0 native plugins for Editor in 0.00 ms.
Unloading 1318 Unused Serialized files (Serialized files now loaded: 0)
System memory in use before: 92.9 MB.
System memory in use after: 93.0 MB.

Unloading 5 unused Assets to reduce memory usage. Loaded Objects now: 1923.
Total: 3.395300 ms (FindLiveObjects: 0.269300 ms CreateObjectMapping: 0.105500 ms MarkObjects: 2.988400 ms  DeleteObjects: 0.029800 ms)

========================================================================
Received Import Request.
  Time since last request: 499.047127 seconds.
  path: Assets/Prefab/SlimePBR.prefab
  artifactKey: Guid(55776efecb0cd134ea5f418c2f97a705) Importer(815301076,1909f56bfc062723c751e8b465ee728b)
Start importing Assets/Prefab/SlimePBR.prefab using Guid(55776efecb0cd134ea5f418c2f97a705) Importer(815301076,1909f56bfc062723c751e8b465ee728b)  -> (artifact id: 'ca0c80119e0fa237be7a80b6b8eb7498') in 0.115783 seconds
  Import took 0.121173 seconds .

========================================================================
Received Import Request.
  Time since last request: 11.263628 seconds.
  path: Assets/Prefab/SlimePBR.prefab
  artifactKey: Guid(55776efecb0cd134ea5f418c2f97a705) Importer(815301076,1909f56bfc062723c751e8b465ee728b)
Start importing Assets/Prefab/SlimePBR.prefab using Guid(55776efecb0cd134ea5f418c2f97a705) Importer(815301076,1909f56bfc062723c751e8b465ee728b)  -> (artifact id: 'a19d7414894edf3a6143dcdb4fc23eee') in 0.036819 seconds
  Import took 0.111053 seconds .

========================================================================
Received Import Request.
  Time since last request: 2.157200 seconds.
  path: Assets/Prefab/SlimePBR.prefab
  artifactKey: Guid(55776efecb0cd134ea5f418c2f97a705) Importer(815301076,1909f56bfc062723c751e8b465ee728b)
Start importing Assets/Prefab/SlimePBR.prefab using Guid(55776efecb0cd134ea5f418c2f97a705) Importer(815301076,1909f56bfc062723c751e8b465ee728b)  -> (artifact id: 'b706a84894e540498378ed37f6b78888') in 0.045206 seconds
  Import took 0.064495 seconds .

========================================================================
Received Import Request.
  Time since last request: 0.000522 seconds.
  path: Assets/Prefab/SlimePBR.prefab
  artifactKey: Guid(55776efecb0cd134ea5f418c2f97a705) Importer(815301076,1909f56bfc062723c751e8b465ee728b)
Start importing Assets/Prefab/SlimePBR.prefab using Guid(55776efecb0cd134ea5f418c2f97a705) Importer(815301076,1909f56bfc062723c751e8b465ee728b)  -> (artifact id: 'b706a84894e540498378ed37f6b78888') in 0.023984 seconds
  Import took 0.029118 seconds .

========================================================================
Received Import Request.
  Time since last request: 33.035729 seconds.
  path: Assets/Prefab/SlimePBR.prefab
  artifactKey: Guid(55776efecb0cd134ea5f418c2f97a705) Importer(815301076,1909f56bfc062723c751e8b465ee728b)
Start importing Assets/Prefab/SlimePBR.prefab using Guid(55776efecb0cd134ea5f418c2f97a705) Importer(815301076,1909f56bfc062723c751e8b465ee728b)  -> (artifact id: '7f2d5fa71ed917c852148cb8a0c562e6') in 0.024813 seconds
  Import took 0.030204 seconds .

========================================================================
Received Import Request.
  Time since last request: 84.922265 seconds.
  path: Assets/Script/Monster.cs
  artifactKey: Guid(1e553bfbdd2ed104296706d48f914912) Importer(815301076,1909f56bfc062723c751e8b465ee728b)
Start importing Assets/Script/Monster.cs using Guid(1e553bfbdd2ed104296706d48f914912) Importer(815301076,1909f56bfc062723c751e8b465ee728b)  -> (artifact id: '674ca6086f7f3dd70b4a5be8fc7d7d55') in 0.009969 seconds
  Import took 0.024288 seconds .

========================================================================
Received Import Request.
  Time since last request: 47.542870 seconds.
  path: Assets/Prefab/SlimePBR.prefab
  artifactKey: Guid(55776efecb0cd134ea5f418c2f97a705) Importer(815301076,1909f56bfc062723c751e8b465ee728b)
Start importing Assets/Prefab/SlimePBR.prefab using Guid(55776efecb0cd134ea5f418c2f97a705) Importer(815301076,1909f56bfc062723c751e8b465ee728b)  -> (artifact id: 'c202736a52c7798db73f23820a328491') in 0.027752 seconds
  Import took 0.032436 seconds .

========================================================================
Received Import Request.
  Time since last request: 45.238461 seconds.
  path: Assets/Prefab/SlimePBR.prefab
  artifactKey: Guid(55776efecb0cd134ea5f418c2f97a705) Importer(815301076,1909f56bfc062723c751e8b465ee728b)
Start importing Assets/Prefab/SlimePBR.prefab using Guid(55776efecb0cd134ea5f418c2f97a705) Importer(815301076,1909f56bfc062723c751e8b465ee728b)  -> (artifact id: '89d7b76b07646dfb932e29c6f82b6cee') in 0.030117 seconds
  Import took 0.055719 seconds .

========================================================================
Received Prepare
Registering precompiled user dll's ...
Registered in 0.001701 seconds.
Begin MonoManager ReloadAssembly
Native extension for WindowsStandalone target not found
Refreshing native plugins compatible for Editor in 0.34 ms, found 0 plugins.
Preloading 0 native plugins for Editor in 0.00 ms.
Invoked RoslynAnalysisRunner static constructor.
RoslynAnalysisRunner will not be running.
RoslynAnalysisRunner has terminated.
Mono: successfully reloaded assembly
- Completed reload, in  1.178 seconds
Platform modules already initialized, skipping
Refreshing native plugins compatible for Editor in 0.33 ms, found 0 plugins.
Preloading 0 native plugins for Editor in 0.00 ms.
Unloading 1318 Unused Serialized files (Serialized files now loaded: 0)
System memory in use before: 92.9 MB.
System memory in use after: 93.0 MB.

Unloading 5 unused Assets to reduce memory usage. Loaded Objects now: 1926.
Total: 2.037500 ms (FindLiveObjects: 0.267100 ms CreateObjectMapping: 0.090200 ms MarkObjects: 1.664700 ms  DeleteObjects: 0.014200 ms)

========================================================================
Received Import Request.
  Time since last request: 38.701382 seconds.
  path: Assets/Prefab/SlimePBR.prefab
  artifactKey: Guid(55776efecb0cd134ea5f418c2f97a705) Importer(815301076,1909f56bfc062723c751e8b465ee728b)
Start importing Assets/Prefab/SlimePBR.prefab using Guid(55776efecb0cd134ea5f418c2f97a705) Importer(815301076,1909f56bfc062723c751e8b465ee728b)  -> (artifact id: 'bb8b63cf03eff2140fc75eb582168ec6') in 0.144176 seconds
  Import took 0.167280 seconds .

========================================================================
Received Prepare
Registering precompiled user dll's ...
Registered in 0.001747 seconds.
Begin MonoManager ReloadAssembly
Native extension for WindowsStandalone target not found
Refreshing native plugins compatible for Editor in 0.33 ms, found 0 plugins.
Preloading 0 native plugins for Editor in 0.00 ms.
Invoked RoslynAnalysisRunner static constructor.
RoslynAnalysisRunner will not be running.
RoslynAnalysisRunner has terminated.
Mono: successfully reloaded assembly
- Completed reload, in  1.168 seconds
Platform modules already initialized, skipping
Refreshing native plugins compatible for Editor in 0.33 ms, found 0 plugins.
Preloading 0 native plugins for Editor in 0.00 ms.
Unloading 1318 Unused Serialized files (Serialized files now loaded: 0)
System memory in use before: 92.9 MB.
System memory in use after: 93.0 MB.

Unloading 5 unused Assets to reduce memory usage. Loaded Objects now: 1929.
Total: 2.086000 ms (FindLiveObjects: 0.330400 ms CreateObjectMapping: 0.055700 ms MarkObjects: 1.683500 ms  DeleteObjects: 0.015000 ms)

========================================================================
Received Import Request.
  Time since last request: 316.898982 seconds.
  path: Assets/Prefab/SlimePBR.prefab
  artifactKey: Guid(55776efecb0cd134ea5f418c2f97a705) Importer(815301076,1909f56bfc062723c751e8b465ee728b)
Start importing Assets/Prefab/SlimePBR.prefab using Guid(55776efecb0cd134ea5f418c2f97a705) Importer(815301076,1909f56bfc062723c751e8b465ee728b)  -> (artifact id: 'd94c250e0888373afa951f9bbfe44591') in 0.118008 seconds
  Import took 0.123496 seconds .

========================================================================
Received Import Request.
  Time since last request: 0.002267 seconds.
  path: Assets/Prefab/SlimePBR.prefab
  artifactKey: Guid(55776efecb0cd134ea5f418c2f97a705) Importer(815301076,1909f56bfc062723c751e8b465ee728b)
Start importing Assets/Prefab/SlimePBR.prefab using Guid(55776efecb0cd134ea5f418c2f97a705) Importer(815301076,1909f56bfc062723c751e8b465ee728b)  -> (artifact id: 'd94c250e0888373afa951f9bbfe44591') in 0.028724 seconds
  Import took 0.033013 seconds .

========================================================================
Received Import Request.
  Time since last request: 41.591582 seconds.
  path: Assets/Prefab/SlimePBR.prefab
  artifactKey: Guid(55776efecb0cd134ea5f418c2f97a705) Importer(815301076,1909f56bfc062723c751e8b465ee728b)
Start importing Assets/Prefab/SlimePBR.prefab using Guid(55776efecb0cd134ea5f418c2f97a705) Importer(815301076,1909f56bfc062723c751e8b465ee728b)  -> (artifact id: '9e58707a3671aba01fe5555164ef9ee4') in 0.034619 seconds
  Import took 0.040911 seconds .

========================================================================
Received Import Request.
  Time since last request: 15.168280 seconds.
  path: Assets/Prefab/SlimePBR.prefab
  artifactKey: Guid(55776efecb0cd134ea5f418c2f97a705) Importer(815301076,1909f56bfc062723c751e8b465ee728b)
Start importing Assets/Prefab/SlimePBR.prefab using Guid(55776efecb0cd134ea5f418c2f97a705) Importer(815301076,1909f56bfc062723c751e8b465ee728b)  -> (artifact id: '0f7954820cfc3276556384a6a5da0779') in 0.023834 seconds
  Import took 0.029685 seconds .

========================================================================
Received Import Request.
  Time since last request: 0.192020 seconds.
  path: Assets/Prefab/SlimePBR.prefab
  artifactKey: Guid(55776efecb0cd134ea5f418c2f97a705) Importer(815301076,1909f56bfc062723c751e8b465ee728b)
Start importing Assets/Prefab/SlimePBR.prefab using Guid(55776efecb0cd134ea5f418c2f97a705) Importer(815301076,1909f56bfc062723c751e8b465ee728b)  -> (artifact id: '7e63c52f6ea5f1f890dce638e7e9b827') in 0.043473 seconds
  Import took 0.047723 seconds .

========================================================================
Received Import Request.
  Time since last request: 18.460151 seconds.
  path: Assets/Prefab/SlimePBR.prefab
  artifactKey: Guid(55776efecb0cd134ea5f418c2f97a705) Importer(815301076,1909f56bfc062723c751e8b465ee728b)
Start importing Assets/Prefab/SlimePBR.prefab using Guid(55776efecb0cd134ea5f418c2f97a705) Importer(815301076,1909f56bfc062723c751e8b465ee728b)  -> (artifact id: '2dd646f7acfc4db1d173e356ed71fd5b') in 0.028619 seconds
  Import took 0.046499 seconds .

========================================================================
Received Import Request.
  Time since last request: 9.954455 seconds.
  path: Assets/Prefab/SlimePBR.prefab
  artifactKey: Guid(55776efecb0cd134ea5f418c2f97a705) Importer(815301076,1909f56bfc062723c751e8b465ee728b)
Start importing Assets/Prefab/SlimePBR.prefab using Guid(55776efecb0cd134ea5f418c2f97a705) Importer(815301076,1909f56bfc062723c751e8b465ee728b)  -> (artifact id: 'd47c27e0cf9ddf482e28fc8a41abca6d') in 0.030586 seconds
  Import took 0.043806 seconds .

========================================================================
Received Import Request.
  Time since last request: 1.539406 seconds.
  path: Assets/Prefab/SlimePBR.prefab
  artifactKey: Guid(55776efecb0cd134ea5f418c2f97a705) Importer(815301076,1909f56bfc062723c751e8b465ee728b)
Start importing Assets/Prefab/SlimePBR.prefab using Guid(55776efecb0cd134ea5f418c2f97a705) Importer(815301076,1909f56bfc062723c751e8b465ee728b)  -> (artifact id: '43228d2be3b102b97e459a845700b3bc') in 0.024919 seconds
  Import took 0.030366 seconds .

========================================================================
Received Import Request.
  Time since last request: 2.618921 seconds.
  path: Assets/Prefab/SlimePBR.prefab
  artifactKey: Guid(55776efecb0cd134ea5f418c2f97a705) Importer(815301076,1909f56bfc062723c751e8b465ee728b)
Start importing Assets/Prefab/SlimePBR.prefab using Guid(55776efecb0cd134ea5f418c2f97a705) Importer(815301076,1909f56bfc062723c751e8b465ee728b)  -> (artifact id: '1823bdafa592c7fa264bbed3e18f3624') in 0.031115 seconds
  Import took 0.036596 seconds .

========================================================================
Received Import Request.
  Time since last request: 7.738250 seconds.
  path: Assets/Prefab/SlimePBR.prefab
  artifactKey: Guid(55776efecb0cd134ea5f418c2f97a705) Importer(815301076,1909f56bfc062723c751e8b465ee728b)
Start importing Assets/Prefab/SlimePBR.prefab using Guid(55776efecb0cd134ea5f418c2f97a705) Importer(815301076,1909f56bfc062723c751e8b465ee728b)  -> (artifact id: '47b23d484e8cc39445a57749b523df7b') in 0.029326 seconds
  Import took 0.035052 seconds .

========================================================================
Received Import Request.
  Time since last request: 8.749621 seconds.
  path: Assets/Prefab/SlimePBR.prefab
  artifactKey: Guid(55776efecb0cd134ea5f418c2f97a705) Importer(815301076,1909f56bfc062723c751e8b465ee728b)
Start importing Assets/Prefab/SlimePBR.prefab using Guid(55776efecb0cd134ea5f418c2f97a705) Importer(815301076,1909f56bfc062723c751e8b465ee728b)  -> (artifact id: 'd3f3e20a84098f67bd94f5916d2b7676') in 0.027101 seconds
  Import took 0.032478 seconds .

========================================================================
Received Import Request.
  Time since last request: 418.453261 seconds.
  path: Assets/Prefab/SlimePBR.prefab
  artifactKey: Guid(55776efecb0cd134ea5f418c2f97a705) Importer(815301076,1909f56bfc062723c751e8b465ee728b)
Start importing Assets/Prefab/SlimePBR.prefab using Guid(55776efecb0cd134ea5f418c2f97a705) Importer(815301076,1909f56bfc062723c751e8b465ee728b)  -> (artifact id: 'd310ea0850e24026b8aee0e8af9dd1eb') in 0.028314 seconds
  Import took 0.032625 seconds .

========================================================================
Received Import Request.
  Time since last request: 11.488106 seconds.
  path: Assets/Prefab/SlimePBR.prefab
  artifactKey: Guid(55776efecb0cd134ea5f418c2f97a705) Importer(815301076,1909f56bfc062723c751e8b465ee728b)
Start importing Assets/Prefab/SlimePBR.prefab using Guid(55776efecb0cd134ea5f418c2f97a705) Importer(815301076,1909f56bfc062723c751e8b465ee728b)  -> (artifact id: '8cf3bf6cb72c7b9fc721bdaa839287a6') in 0.028088 seconds
  Import took 0.045555 seconds .

========================================================================
Received Import Request.
  Time since last request: 10.164468 seconds.
  path: Assets/Prefab/SlimePBR.prefab
  artifactKey: Guid(55776efecb0cd134ea5f418c2f97a705) Importer(815301076,1909f56bfc062723c751e8b465ee728b)
Start importing Assets/Prefab/SlimePBR.prefab using Guid(55776efecb0cd134ea5f418c2f97a705) Importer(815301076,1909f56bfc062723c751e8b465ee728b)  -> (artifact id: 'da5d9b1e633f0d74d4585238db14c65b') in 0.025520 seconds
  Import took 0.030129 seconds .

========================================================================
Received Import Request.
  Time since last request: 0.344090 seconds.
  path: Assets/Prefab/SlimePBR.prefab
  artifactKey: Guid(55776efecb0cd134ea5f418c2f97a705) Importer(815301076,1909f56bfc062723c751e8b465ee728b)
Start importing Assets/Prefab/SlimePBR.prefab using Guid(55776efecb0cd134ea5f418c2f97a705) Importer(815301076,1909f56bfc062723c751e8b465ee728b)  -> (artifact id: 'bb7623deaee5580c887f2f3c9cc94094') in 0.022968 seconds
  Import took 0.027025 seconds .

========================================================================
Received Import Request.
  Time since last request: 4.067934 seconds.
  path: Assets/Prefab/SlimePBR.prefab
  artifactKey: Guid(55776efecb0cd134ea5f418c2f97a705) Importer(815301076,1909f56bfc062723c751e8b465ee728b)
Start importing Assets/Prefab/SlimePBR.prefab using Guid(55776efecb0cd134ea5f418c2f97a705) Importer(815301076,1909f56bfc062723c751e8b465ee728b)  -> (artifact id: 'c1ca7ac2b73d2874df5be7f257797495') in 0.028188 seconds
  Import took 0.033367 seconds .

========================================================================
Received Import Request.
  Time since last request: 7.728940 seconds.
  path: Assets/Prefab/SlimePBR.prefab
  artifactKey: Guid(55776efecb0cd134ea5f418c2f97a705) Importer(815301076,1909f56bfc062723c751e8b465ee728b)
Start importing Assets/Prefab/SlimePBR.prefab using Guid(55776efecb0cd134ea5f418c2f97a705) Importer(815301076,1909f56bfc062723c751e8b465ee728b)  -> (artifact id: '5e4130cea35de57eb3fe48e5d423a40f') in 0.027163 seconds
  Import took 0.033446 seconds .

========================================================================
Received Import Request.
  Time since last request: 2.173209 seconds.
  path: Assets/Prefab/SlimePBR.prefab
  artifactKey: Guid(55776efecb0cd134ea5f418c2f97a705) Importer(815301076,1909f56bfc062723c751e8b465ee728b)
Start importing Assets/Prefab/SlimePBR.prefab using Guid(55776efecb0cd134ea5f418c2f97a705) Importer(815301076,1909f56bfc062723c751e8b465ee728b)  -> (artifact id: '7142402c0843479ad5cee80a97782761') in 0.023007 seconds
  Import took 0.040778 seconds .

========================================================================
Received Import Request.
  Time since last request: 1.835157 seconds.
  path: Assets/Prefab/SlimePBR.prefab
  artifactKey: Guid(55776efecb0cd134ea5f418c2f97a705) Importer(815301076,1909f56bfc062723c751e8b465ee728b)
Start importing Assets/Prefab/SlimePBR.prefab using Guid(55776efecb0cd134ea5f418c2f97a705) Importer(815301076,1909f56bfc062723c751e8b465ee728b)  -> (artifact id: '414aeefaca3f912dd503e5b498e5e542') in 0.023453 seconds
  Import took 0.046088 seconds .

========================================================================
Received Import Request.
  Time since last request: 6.246445 seconds.
  path: Assets/Prefab/SlimePBR.prefab
  artifactKey: Guid(55776efecb0cd134ea5f418c2f97a705) Importer(815301076,1909f56bfc062723c751e8b465ee728b)
Start importing Assets/Prefab/SlimePBR.prefab using Guid(55776efecb0cd134ea5f418c2f97a705) Importer(815301076,1909f56bfc062723c751e8b465ee728b)  -> (artifact id: 'dac54628da1bdf2f00e961f4341dbb08') in 0.026664 seconds
  Import took 0.031262 seconds .

========================================================================
Received Import Request.
  Time since last request: 2.220725 seconds.
  path: Assets/Prefab/SlimePBR.prefab
  artifactKey: Guid(55776efecb0cd134ea5f418c2f97a705) Importer(815301076,1909f56bfc062723c751e8b465ee728b)
Start importing Assets/Prefab/SlimePBR.prefab using Guid(55776efecb0cd134ea5f418c2f97a705) Importer(815301076,1909f56bfc062723c751e8b465ee728b)  -> (artifact id: '99a32045c776e3dfe133a9fe11fbbee6') in 0.024624 seconds
  Import took 0.036947 seconds .

========================================================================
Received Import Request.
  Time since last request: 5.108482 seconds.
  path: Assets/Prefab/SlimePBR.prefab
  artifactKey: Guid(55776efecb0cd134ea5f418c2f97a705) Importer(815301076,1909f56bfc062723c751e8b465ee728b)
Start importing Assets/Prefab/SlimePBR.prefab using Guid(55776efecb0cd134ea5f418c2f97a705) Importer(815301076,1909f56bfc062723c751e8b465ee728b)  -> (artifact id: '52f40b817bc30c6468b2c724e9a60c74') in 0.025932 seconds
  Import took 0.033253 seconds .

========================================================================
Received Import Request.
  Time since last request: 16.064131 seconds.
  path: Assets/Prefab/SlimePBR.prefab
  artifactKey: Guid(55776efecb0cd134ea5f418c2f97a705) Importer(815301076,1909f56bfc062723c751e8b465ee728b)
Start importing Assets/Prefab/SlimePBR.prefab using Guid(55776efecb0cd134ea5f418c2f97a705) Importer(815301076,1909f56bfc062723c751e8b465ee728b)  -> (artifact id: '8485dbcbb20e62dbde60ebda06ebabfd') in 0.027170 seconds
  Import took 0.040023 seconds .

========================================================================
Received Prepare
Registering precompiled user dll's ...
Registered in 0.001455 seconds.
Begin MonoManager ReloadAssembly
Native extension for WindowsStandalone target not found
Refreshing native plugins compatible for Editor in 0.35 ms, found 0 plugins.
Preloading 0 native plugins for Editor in 0.00 ms.
Invoked RoslynAnalysisRunner static constructor.
RoslynAnalysisRunner will not be running.
RoslynAnalysisRunner has terminated.
Mono: successfully reloaded assembly
- Completed reload, in  1.259 seconds
Platform modules already initialized, skipping
Refreshing native plugins compatible for Editor in 0.34 ms, found 0 plugins.
Preloading 0 native plugins for Editor in 0.00 ms.
Unloading 1318 Unused Serialized files (Serialized files now loaded: 0)
System memory in use before: 93.1 MB.
System memory in use after: 93.2 MB.

Unloading 5 unused Assets to reduce memory usage. Loaded Objects now: 1932.
Total: 2.210300 ms (FindLiveObjects: 0.242100 ms CreateObjectMapping: 0.144000 ms MarkObjects: 1.798000 ms  DeleteObjects: 0.024900 ms)

========================================================================
Received Import Request.
  Time since last request: 109.835316 seconds.
  path: Assets/Script/HealthBarMonsterRot.cs
  artifactKey: Guid(f87f65d59a086f34abd8059268f3d3d2) Importer(815301076,1909f56bfc062723c751e8b465ee728b)
Start importing Assets/Script/HealthBarMonsterRot.cs using Guid(f87f65d59a086f34abd8059268f3d3d2) Importer(815301076,1909f56bfc062723c751e8b465ee728b)  -> (artifact id: 'f01a7831f45be4e05fa6972fc389fdfd') in 0.013385 seconds
  Import took 0.033306 seconds .

========================================================================
Received Import Request.
  Time since last request: 0.006691 seconds.
  path: Assets/Script/HealthBarMonsterRot.cs
  artifactKey: Guid(f87f65d59a086f34abd8059268f3d3d2) Importer(815301076,1909f56bfc062723c751e8b465ee728b)
Start importing Assets/Script/HealthBarMonsterRot.cs using Guid(f87f65d59a086f34abd8059268f3d3d2) Importer(815301076,1909f56bfc062723c751e8b465ee728b)  -> (artifact id: 'f01a7831f45be4e05fa6972fc389fdfd') in 0.005752 seconds
  Import took 0.010998 seconds .

========================================================================
Received Import Request.
  Time since last request: 48.306912 seconds.
  path: Assets/Script/HealthBarMonsterRot.cs
  artifactKey: Guid(f87f65d59a086f34abd8059268f3d3d2) Importer(815301076,1909f56bfc062723c751e8b465ee728b)
Start importing Assets/Script/HealthBarMonsterRot.cs using Guid(f87f65d59a086f34abd8059268f3d3d2) Importer(815301076,1909f56bfc062723c751e8b465ee728b)  -> (artifact id: '9234d65255b70c9a692b3a58d4c94c68') in 0.015601 seconds
  Import took 0.023151 seconds .

========================================================================
Received Prepare
Registering precompiled user dll's ...
Registered in 0.001629 seconds.
Begin MonoManager ReloadAssembly
Native extension for WindowsStandalone target not found
Refreshing native plugins compatible for Editor in 0.33 ms, found 0 plugins.
Preloading 0 native plugins for Editor in 0.00 ms.
Invoked RoslynAnalysisRunner static constructor.
RoslynAnalysisRunner will not be running.
RoslynAnalysisRunner has terminated.
Mono: successfully reloaded assembly
- Completed reload, in  1.105 seconds
Platform modules already initialized, skipping
Refreshing native plugins compatible for Editor in 0.37 ms, found 0 plugins.
Preloading 0 native plugins for Editor in 0.00 ms.
Unloading 1319 Unused Serialized files (Serialized files now loaded: 0)
System memory in use before: 93.1 MB.
System memory in use after: 93.2 MB.

Unloading 5 unused Assets to reduce memory usage. Loaded Objects now: 1935.
Total: 1.750900 ms (FindLiveObjects: 0.176000 ms CreateObjectMapping: 0.050700 ms MarkObjects: 1.507800 ms  DeleteObjects: 0.014900 ms)

========================================================================
Received Import Request.
  Time since last request: 23.870752 seconds.
  path: Assets/Prefab/SlimePBR.prefab
  artifactKey: Guid(55776efecb0cd134ea5f418c2f97a705) Importer(815301076,1909f56bfc062723c751e8b465ee728b)
Start importing Assets/Prefab/SlimePBR.prefab using Guid(55776efecb0cd134ea5f418c2f97a705) Importer(815301076,1909f56bfc062723c751e8b465ee728b)  -> (artifact id: '50e7857ac33257bd1abb32177580087b') in 0.147299 seconds
  Import took 0.180271 seconds .

========================================================================
Received Prepare
Registering precompiled user dll's ...
Registered in 0.001673 seconds.
Begin MonoManager ReloadAssembly
Native extension for WindowsStandalone target not found
Refreshing native plugins compatible for Editor in 0.33 ms, found 0 plugins.
Preloading 0 native plugins for Editor in 0.00 ms.
Invoked RoslynAnalysisRunner static constructor.
RoslynAnalysisRunner will not be running.
RoslynAnalysisRunner has terminated.
Mono: successfully reloaded assembly
- Completed reload, in  1.137 seconds
Platform modules already initialized, skipping
Refreshing native plugins compatible for Editor in 0.33 ms, found 0 plugins.
Preloading 0 native plugins for Editor in 0.00 ms.
Unloading 1319 Unused Serialized files (Serialized files now loaded: 0)
System memory in use before: 93.1 MB.
System memory in use after: 93.2 MB.

Unloading 5 unused Assets to reduce memory usage. Loaded Objects now: 1938.
Total: 1.925000 ms (FindLiveObjects: 0.160300 ms CreateObjectMapping: 0.078100 ms MarkObjects: 1.671400 ms  DeleteObjects: 0.014000 ms)

========================================================================
Received Prepare
Registering precompiled user dll's ...
Registered in 0.001715 seconds.
Begin MonoManager ReloadAssembly
Native extension for WindowsStandalone target not found
Refreshing native plugins compatible for Editor in 0.56 ms, found 0 plugins.
Preloading 0 native plugins for Editor in 0.00 ms.
Invoked RoslynAnalysisRunner static constructor.
RoslynAnalysisRunner will not be running.
RoslynAnalysisRunner has terminated.
Mono: successfully reloaded assembly
- Completed reload, in  1.240 seconds
Platform modules already initialized, skipping
Refreshing native plugins compatible for Editor in 0.35 ms, found 0 plugins.
Preloading 0 native plugins for Editor in 0.00 ms.
Unloading 1319 Unused Serialized files (Serialized files now loaded: 0)
System memory in use before: 93.1 MB.
System memory in use after: 93.2 MB.

Unloading 5 unused Assets to reduce memory usage. Loaded Objects now: 1940.
Total: 3.054400 ms (FindLiveObjects: 0.278600 ms CreateObjectMapping: 0.110500 ms MarkObjects: 2.622300 ms  DeleteObjects: 0.041000 ms)

========================================================================
Received Import Request.
  Time since last request: 173.757767 seconds.
  path: Assets/Prefab/SlimePBR.prefab
  artifactKey: Guid(55776efecb0cd134ea5f418c2f97a705) Importer(815301076,1909f56bfc062723c751e8b465ee728b)
Start importing Assets/Prefab/SlimePBR.prefab using Guid(55776efecb0cd134ea5f418c2f97a705) Importer(815301076,1909f56bfc062723c751e8b465ee728b)  -> (artifact id: 'f88f0220512d92c4e7fc927b39fa6cab') in 0.145253 seconds
  Import took 0.161804 seconds .

========================================================================
Received Prepare
Registering precompiled user dll's ...
Registered in 0.001698 seconds.
Begin MonoManager ReloadAssembly
Native extension for WindowsStandalone target not found
Refreshing native plugins compatible for Editor in 0.36 ms, found 0 plugins.
Preloading 0 native plugins for Editor in 0.00 ms.
Invoked RoslynAnalysisRunner static constructor.
RoslynAnalysisRunner will not be running.
RoslynAnalysisRunner has terminated.
Mono: successfully reloaded assembly
- Completed reload, in  1.233 seconds
Platform modules already initialized, skipping
Refreshing native plugins compatible for Editor in 0.32 ms, found 0 plugins.
Preloading 0 native plugins for Editor in 0.00 ms.
Unloading 1319 Unused Serialized files (Serialized files now loaded: 0)
System memory in use before: 93.1 MB.
System memory in use after: 93.2 MB.

Unloading 5 unused Assets to reduce memory usage. Loaded Objects now: 1943.
Total: 1.954000 ms (FindLiveObjects: 0.236100 ms CreateObjectMapping: 0.076400 ms MarkObjects: 1.616000 ms  DeleteObjects: 0.024500 ms)

========================================================================
Received Prepare
Registering precompiled user dll's ...
Registered in 0.001752 seconds.
Begin MonoManager ReloadAssembly
Native extension for WindowsStandalone target not found
Refreshing native plugins compatible for Editor in 0.37 ms, found 0 plugins.
Preloading 0 native plugins for Editor in 0.00 ms.
Invoked RoslynAnalysisRunner static constructor.
RoslynAnalysisRunner will not be running.
RoslynAnalysisRunner has terminated.
Mono: successfully reloaded assembly
- Completed reload, in  1.399 seconds
Platform modules already initialized, skipping
Refreshing native plugins compatible for Editor in 0.33 ms, found 0 plugins.
Preloading 0 native plugins for Editor in 0.00 ms.
Unloading 1319 Unused Serialized files (Serialized files now loaded: 0)
System memory in use before: 93.1 MB.
System memory in use after: 93.3 MB.

Unloading 5 unused Assets to reduce memory usage. Loaded Objects now: 1945.
Total: 2.181300 ms (FindLiveObjects: 0.338800 ms CreateObjectMapping: 0.097000 ms MarkObjects: 1.722800 ms  DeleteObjects: 0.020700 ms)

========================================================================
Received Prepare
Registering precompiled user dll's ...
Registered in 0.001690 seconds.
Begin MonoManager ReloadAssembly
Native extension for WindowsStandalone target not found
Refreshing native plugins compatible for Editor in 0.35 ms, found 0 plugins.
Preloading 0 native plugins for Editor in 0.00 ms.
Invoked RoslynAnalysisRunner static constructor.
RoslynAnalysisRunner will not be running.
RoslynAnalysisRunner has terminated.
Mono: successfully reloaded assembly
- Completed reload, in  1.330 seconds
Platform modules already initialized, skipping
Refreshing native plugins compatible for Editor in 0.32 ms, found 0 plugins.
Preloading 0 native plugins for Editor in 0.00 ms.
Unloading 1319 Unused Serialized files (Serialized files now loaded: 0)
System memory in use before: 93.1 MB.
System memory in use after: 93.2 MB.

Unloading 5 unused Assets to reduce memory usage. Loaded Objects now: 1947.
Total: 1.894900 ms (FindLiveObjects: 0.265300 ms CreateObjectMapping: 0.061300 ms MarkObjects: 1.544100 ms  DeleteObjects: 0.022700 ms)

========================================================================
Received Prepare
Registering precompiled user dll's ...
Registered in 0.001754 seconds.
Begin MonoManager ReloadAssembly
Native extension for WindowsStandalone target not found
Refreshing native plugins compatible for Editor in 0.68 ms, found 0 plugins.
Preloading 0 native plugins for Editor in 0.00 ms.
Invoked RoslynAnalysisRunner static constructor.
RoslynAnalysisRunner will not be running.
RoslynAnalysisRunner has terminated.
Mono: successfully reloaded assembly
- Completed reload, in  1.239 seconds
Platform modules already initialized, skipping
Refreshing native plugins compatible for Editor in 0.33 ms, found 0 plugins.
Preloading 0 native plugins for Editor in 0.00 ms.
Unloading 1319 Unused Serialized files (Serialized files now loaded: 0)
System memory in use before: 93.1 MB.
System memory in use after: 93.3 MB.

Unloading 5 unused Assets to reduce memory usage. Loaded Objects now: 1949.
Total: 1.961700 ms (FindLiveObjects: 0.218300 ms CreateObjectMapping: 0.074000 ms MarkObjects: 1.645700 ms  DeleteObjects: 0.022100 ms)

AssetImportWorkerClient::OnTransportError - code=2 error=End of file
