Using pre-set license
Built from '2020.2/release' branch; Version is '2020.2.1f1 (270dd8c3da1c) revision 2559448'; Using compiler version '192528614'; Build Type 'Release'
OS: 'Windows 10  (10.0.0) 64bit' Language: 'ko' Physical Memory: 8156 MB
BatchMode: 1, IsHumanControllingUs: 0, StartBugReporterOnCrash: 0, Is64bit: 1, IsPro: 0

 COMMAND LINE ARGUMENTS:
C:\Program Files\Unity\Hub\Editor\2020.2.1f1\Editor\Unity.exe
-adb2
-batchMode
-noUpm
-name
AssetImportWorker0
-projectPath
C:/Users/user/Documents/GitHub/3D Block
-logFile
Logs/AssetImportWorker0.log
-srvPort
61548
Successfully changed project path to: C:/Users/user/Documents/GitHub/3D Block
C:/Users/user/Documents/GitHub/3D Block
Using Asset Import Pipeline V2.
Refreshing native plugins compatible for Editor in 48.74 ms, found 0 plugins.
Preloading 0 native plugins for Editor in 0.00 ms.
Initialize engine version: 2020.2.1f1 (270dd8c3da1c)
[Subsystems] Discovering subsystems at path C:/Program Files/Unity/Hub/Editor/2020.2.1f1/Editor/Data/Resources/UnitySubsystems
[Subsystems] Discovering subsystems at path C:/Users/user/Documents/GitHub/3D Block/Assets
GfxDevice: creating device client; threaded=0
Direct3D:
    Version:  Direct3D 11.0 [level 11.1]
    Renderer: NVIDIA GeForce GTX 1050 Ti (ID=0x1c82)
    Vendor:   
    VRAM:     4018 MB
    Driver:   27.21.14.6140
Initialize mono
Mono path[0] = 'C:/Program Files/Unity/Hub/Editor/2020.2.1f1/Editor/Data/Managed'
Mono path[1] = 'C:/Program Files/Unity/Hub/Editor/2020.2.1f1/Editor/Data/MonoBleedingEdge/lib/mono/unityjit'
Mono config path = 'C:/Program Files/Unity/Hub/Editor/2020.2.1f1/Editor/Data/MonoBleedingEdge/etc'
Using monoOptions --debugger-agent=transport=dt_socket,embedding=1,server=y,suspend=n,address=127.0.0.1:56548
Begin MonoManager ReloadAssembly
Registering precompiled unity dll's ...
Register platform support module: C:/Program Files/Unity/Hub/Editor/2020.2.1f1/Editor/Data/PlaybackEngines/WindowsStandaloneSupport/UnityEditor.WindowsStandalone.Extensions.dll
Registered in 0.009687 seconds.
Native extension for WindowsStandalone target not found
Refreshing native plugins compatible for Editor in 42.80 ms, found 0 plugins.
Preloading 0 native plugins for Editor in 0.00 ms.
Invoked RoslynAnalysisRunner static constructor.
RoslynAnalysisRunner will not be running.
RoslynAnalysisRunner has terminated.
Mono: successfully reloaded assembly
- Completed reload, in  3.886 seconds
Platform modules already initialized, skipping
Registering precompiled user dll's ...
Registered in 0.001618 seconds.
Begin MonoManager ReloadAssembly
Native extension for WindowsStandalone target not found
Refreshing native plugins compatible for Editor in 0.39 ms, found 0 plugins.
Preloading 0 native plugins for Editor in 0.00 ms.
Invoked RoslynAnalysisRunner static constructor.
RoslynAnalysisRunner will not be running.
RoslynAnalysisRunner has terminated.
Mono: successfully reloaded assembly
- Completed reload, in  1.232 seconds
Platform modules already initialized, skipping
========================================================================
Worker process is ready to serve import requests
Launched and connected shader compiler UnityShaderCompiler.exe after 0.07 seconds
Refreshing native plugins compatible for Editor in 0.35 ms, found 0 plugins.
Preloading 0 native plugins for Editor in 0.00 ms.
Unloading 1324 Unused Serialized files (Serialized files now loaded: 0)
System memory in use before: 68.7 MB.
System memory in use after: 68.8 MB.

Unloading 10 unused Assets to reduce memory usage. Loaded Objects now: 1774.
Total: 2.288400 ms (FindLiveObjects: 0.265600 ms CreateObjectMapping: 0.151700 ms MarkObjects: 1.812700 ms  DeleteObjects: 0.057200 ms)

========================================================================
Received Import Request.
  path: Assets/cursor/Cursor-Npc Talk.png
  artifactKey: Guid(76baf0491e39eea4495ec35197188504) Importer(815301076,1909f56bfc062723c751e8b465ee728b)
Start importing Assets/cursor/Cursor-Npc Talk.png using Guid(76baf0491e39eea4495ec35197188504) Importer(815301076,1909f56bfc062723c751e8b465ee728b)  -> (artifact id: '044b611964fd6ed08b6d76c7efbbee6c') in 0.391844 seconds
  Import took 0.395739 seconds .

========================================================================
Received Import Request.
  Time since last request: 0.000323 seconds.
  path: Assets/cursor/Cursor-LockTarget.png
  artifactKey: Guid(29279f9e0d7f490409c900244b6b3a95) Importer(815301076,1909f56bfc062723c751e8b465ee728b)
Start importing Assets/cursor/Cursor-LockTarget.png using Guid(29279f9e0d7f490409c900244b6b3a95) Importer(815301076,1909f56bfc062723c751e8b465ee728b)  -> (artifact id: '112f8398fbcc2e5869f56077fa0b3529') in 0.050877 seconds
  Import took 0.059959 seconds .

========================================================================
Received Import Request.
  Time since last request: 0.000302 seconds.
  path: Assets/cursor/Cursor-Attack.png
  artifactKey: Guid(72124a31f136f614d98773816de9e19a) Importer(815301076,1909f56bfc062723c751e8b465ee728b)
Start importing Assets/cursor/Cursor-Attack.png using Guid(72124a31f136f614d98773816de9e19a) Importer(815301076,1909f56bfc062723c751e8b465ee728b)  -> (artifact id: '936639a3a23477f5a44d53f4d776bb08') in 0.028812 seconds
  Import took 0.033120 seconds .

========================================================================
Received Import Request.
  Time since last request: 0.000338 seconds.
  path: Assets/cursor
  artifactKey: Guid(cc091b6adfc2883408e5b17ae5361a6e) Importer(815301076,1909f56bfc062723c751e8b465ee728b)
Start importing Assets/cursor using Guid(cc091b6adfc2883408e5b17ae5361a6e) Importer(815301076,1909f56bfc062723c751e8b465ee728b)  -> (artifact id: '8d58cb89f14d7f1ef02cce87c4d448ef') in 0.014117 seconds
  Import took 0.019246 seconds .

========================================================================
Received Import Request.
  Time since last request: 0.000386 seconds.
  path: Assets/cursor/Cursor-Attack.png
  artifactKey: Guid(72124a31f136f614d98773816de9e19a) Importer(815301076,1909f56bfc062723c751e8b465ee728b)
Start importing Assets/cursor/Cursor-Attack.png using Guid(72124a31f136f614d98773816de9e19a) Importer(815301076,1909f56bfc062723c751e8b465ee728b)  -> (artifact id: '936639a3a23477f5a44d53f4d776bb08') in 0.013439 seconds
  Import took 0.018547 seconds .

========================================================================
Received Import Request.
  Time since last request: 0.000433 seconds.
  path: Assets/cursor/Cursor-Normal.png
  artifactKey: Guid(e9d3cf6176a83bc4e9ccb876fe0fc5a5) Importer(815301076,1909f56bfc062723c751e8b465ee728b)
Start importing Assets/cursor/Cursor-Normal.png using Guid(e9d3cf6176a83bc4e9ccb876fe0fc5a5) Importer(815301076,1909f56bfc062723c751e8b465ee728b)  -> (artifact id: '2d4014d4d69728046f758c8466f69c09') in 0.033145 seconds
  Import took 0.039040 seconds .

========================================================================
Received Import Request.
  Time since last request: 0.000356 seconds.
  path: Assets/cursor/Cursor-Pick.png
  artifactKey: Guid(d4a641101f8783b4a9942219739466dd) Importer(815301076,1909f56bfc062723c751e8b465ee728b)
Start importing Assets/cursor/Cursor-Pick.png using Guid(d4a641101f8783b4a9942219739466dd) Importer(815301076,1909f56bfc062723c751e8b465ee728b)  -> (artifact id: 'fe0c72174dc2f861d16bf428ca1cd891') in 0.040561 seconds
  Import took 0.045603 seconds .

========================================================================
Received Import Request.
  Time since last request: 31.860768 seconds.
  path: Assets/Script/MovePlayer.cs
  artifactKey: Guid(043f0284b69b91148a822b06ffde2f30) Importer(815301076,1909f56bfc062723c751e8b465ee728b)
Start importing Assets/Script/MovePlayer.cs using Guid(043f0284b69b91148a822b06ffde2f30) Importer(815301076,1909f56bfc062723c751e8b465ee728b)  -> (artifact id: '987a053578d04d1087b75f6a7f346dec') in 0.021789 seconds
  Import took 0.025576 seconds .

========================================================================
Received Import Request.
  Time since last request: 298.879427 seconds.
  path: Assets/Script/MovePlayer.cs
  artifactKey: Guid(043f0284b69b91148a822b06ffde2f30) Importer(815301076,1909f56bfc062723c751e8b465ee728b)
Start importing Assets/Script/MovePlayer.cs using Guid(043f0284b69b91148a822b06ffde2f30) Importer(815301076,1909f56bfc062723c751e8b465ee728b)  -> (artifact id: '03c43dce040ed1d10dcf611396365317') in 0.012969 seconds
  Import took 0.040782 seconds .

========================================================================
Received Import Request.
  Time since last request: 10.163673 seconds.
  path: Assets/Script/MovePlayer.cs
  artifactKey: Guid(043f0284b69b91148a822b06ffde2f30) Importer(815301076,1909f56bfc062723c751e8b465ee728b)
Start importing Assets/Script/MovePlayer.cs using Guid(043f0284b69b91148a822b06ffde2f30) Importer(815301076,1909f56bfc062723c751e8b465ee728b)  -> (artifact id: '445ce157fa20c57c92bb10f254438780') in 0.005554 seconds
  Import took 0.026812 seconds .

========================================================================
Received Import Request.
  Time since last request: 13.358400 seconds.
  path: Assets/Script/MovePlayer.cs
  artifactKey: Guid(043f0284b69b91148a822b06ffde2f30) Importer(815301076,1909f56bfc062723c751e8b465ee728b)
Start importing Assets/Script/MovePlayer.cs using Guid(043f0284b69b91148a822b06ffde2f30) Importer(815301076,1909f56bfc062723c751e8b465ee728b)  -> (artifact id: '22e1a252a0fc808092102c2c14ce3099') in 0.006110 seconds
  Import took 0.010524 seconds .

========================================================================
Received Import Request.
  Time since last request: 37.019797 seconds.
  path: Assets/Script/MovePlayer.cs
  artifactKey: Guid(043f0284b69b91148a822b06ffde2f30) Importer(815301076,1909f56bfc062723c751e8b465ee728b)
Start importing Assets/Script/MovePlayer.cs using Guid(043f0284b69b91148a822b06ffde2f30) Importer(815301076,1909f56bfc062723c751e8b465ee728b)  -> (artifact id: '0520cba5cac78d6e3956333cf5eb3597') in 0.005899 seconds
  Import took 0.016395 seconds .

========================================================================
Received Import Request.
  Time since last request: 11.652601 seconds.
  path: Assets/Script/MovePlayer.cs
  artifactKey: Guid(043f0284b69b91148a822b06ffde2f30) Importer(815301076,1909f56bfc062723c751e8b465ee728b)
Start importing Assets/Script/MovePlayer.cs using Guid(043f0284b69b91148a822b06ffde2f30) Importer(815301076,1909f56bfc062723c751e8b465ee728b)  -> (artifact id: 'a64e56f7b2559bbd0f7b80c938f5106c') in 0.005895 seconds
  Import took 0.018938 seconds .

========================================================================
Received Prepare
Registering precompiled user dll's ...
Registered in 0.001559 seconds.
Begin MonoManager ReloadAssembly
Native extension for WindowsStandalone target not found
Refreshing native plugins compatible for Editor in 0.35 ms, found 0 plugins.
Preloading 0 native plugins for Editor in 0.00 ms.
Invoked RoslynAnalysisRunner static constructor.
RoslynAnalysisRunner will not be running.
RoslynAnalysisRunner has terminated.
Mono: successfully reloaded assembly
- Completed reload, in  1.293 seconds
Platform modules already initialized, skipping
Refreshing native plugins compatible for Editor in 0.51 ms, found 0 plugins.
Preloading 0 native plugins for Editor in 0.00 ms.
Unloading 1310 Unused Serialized files (Serialized files now loaded: 0)
System memory in use before: 68.4 MB.
System memory in use after: 68.5 MB.

Unloading 5 unused Assets to reduce memory usage. Loaded Objects now: 1780.
Total: 2.274700 ms (FindLiveObjects: 0.283700 ms CreateObjectMapping: 0.116400 ms MarkObjects: 1.852400 ms  DeleteObjects: 0.021100 ms)

========================================================================
Received Prepare
Registering precompiled user dll's ...
Registered in 0.001689 seconds.
Begin MonoManager ReloadAssembly
Native extension for WindowsStandalone target not found
Refreshing native plugins compatible for Editor in 0.38 ms, found 0 plugins.
Preloading 0 native plugins for Editor in 0.00 ms.
Invoked RoslynAnalysisRunner static constructor.
RoslynAnalysisRunner will not be running.
RoslynAnalysisRunner has terminated.
Mono: successfully reloaded assembly
- Completed reload, in  1.783 seconds
Platform modules already initialized, skipping
Refreshing native plugins compatible for Editor in 0.34 ms, found 0 plugins.
Preloading 0 native plugins for Editor in 0.00 ms.
Unloading 1311 Unused Serialized files (Serialized files now loaded: 0)
System memory in use before: 68.7 MB.
System memory in use after: 68.8 MB.

Unloading 5 unused Assets to reduce memory usage. Loaded Objects now: 1784.
Total: 1.833100 ms (FindLiveObjects: 0.176200 ms CreateObjectMapping: 0.048900 ms MarkObjects: 1.566300 ms  DeleteObjects: 0.040100 ms)

========================================================================
Received Import Request.
  Time since last request: 148.060771 seconds.
  path: Assets/Effects
  artifactKey: Guid(fa372720562c8504b88b88f5017554c2) Importer(815301076,1909f56bfc062723c751e8b465ee728b)
Start importing Assets/Effects using Guid(fa372720562c8504b88b88f5017554c2) Importer(815301076,1909f56bfc062723c751e8b465ee728b)  -> (artifact id: 'b44b64316cfc8148d35d21ceef51db28') in 0.027041 seconds
  Import took 0.047861 seconds .

========================================================================
Received Import Request.
  Time since last request: 0.795276 seconds.
  path: Assets/Effects/Effect_Source
  artifactKey: Guid(0b231088da41ff9489c0683deac5c5e0) Importer(815301076,1909f56bfc062723c751e8b465ee728b)
Start importing Assets/Effects/Effect_Source using Guid(0b231088da41ff9489c0683deac5c5e0) Importer(815301076,1909f56bfc062723c751e8b465ee728b)  -> (artifact id: '6a99c8c46fb53aeb4932dde048e904af') in 0.011875 seconds
  Import took 0.015171 seconds .

========================================================================
Received Import Request.
  Time since last request: 0.415681 seconds.
  path: Assets/Effects/Effect_Prefeb
  artifactKey: Guid(48bcbf7e714ae9b44a2217413d01b4df) Importer(815301076,1909f56bfc062723c751e8b465ee728b)
Start importing Assets/Effects/Effect_Prefeb using Guid(48bcbf7e714ae9b44a2217413d01b4df) Importer(815301076,1909f56bfc062723c751e8b465ee728b)  -> (artifact id: 'c6b59f3164819a02e1e6b968da67bef8') in 0.012075 seconds
  Import took 0.029212 seconds .

========================================================================
Received Import Request.
  Time since last request: 0.168207 seconds.
  path: Assets/Effects/Effect_Prefeb/Efx_Click_Green.prefab
  artifactKey: Guid(462a97d0e7fe38845aaa96c35ee7ab29) Importer(815301076,1909f56bfc062723c751e8b465ee728b)
Start importing Assets/Effects/Effect_Prefeb/Efx_Click_Green.prefab using Guid(462a97d0e7fe38845aaa96c35ee7ab29) Importer(815301076,1909f56bfc062723c751e8b465ee728b)  -> (artifact id: '3c3154707732980924a3ff6a959c899a') in 0.331289 seconds
  Import took 0.457560 seconds .

========================================================================
Received Import Request.
  Time since last request: 0.000576 seconds.
  path: Assets/Effects/Effect_Prefeb/Efx_Click_Red.prefab
  artifactKey: Guid(20d1ca40663280347b3ba2bf923dcb95) Importer(815301076,1909f56bfc062723c751e8b465ee728b)
Start importing Assets/Effects/Effect_Prefeb/Efx_Click_Red.prefab using Guid(20d1ca40663280347b3ba2bf923dcb95) Importer(815301076,1909f56bfc062723c751e8b465ee728b)  -> (artifact id: 'b66e76b242e8689ac7f7c2e9990ca459') in 0.061711 seconds
  Import took 0.080932 seconds .

========================================================================
Received Import Request.
  Time since last request: 0.000332 seconds.
  path: Assets/Effects/Effect_Prefeb/Efx_Click_Orange.prefab
  artifactKey: Guid(11926e1938b62114cb1bec2050650d19) Importer(815301076,1909f56bfc062723c751e8b465ee728b)
Start importing Assets/Effects/Effect_Prefeb/Efx_Click_Orange.prefab using Guid(11926e1938b62114cb1bec2050650d19) Importer(815301076,1909f56bfc062723c751e8b465ee728b)  -> (artifact id: 'bab3827da08297076c96d22b2f4e2e62') in 0.031126 seconds
  Import took 0.048818 seconds .

========================================================================
Received Import Request.
  Time since last request: 1.757669 seconds.
  path: Assets/Effects/Effect_Source/Click
  artifactKey: Guid(a8389e254fe65ba418012452dc7428d4) Importer(815301076,1909f56bfc062723c751e8b465ee728b)
Start importing Assets/Effects/Effect_Source/Click using Guid(a8389e254fe65ba418012452dc7428d4) Importer(815301076,1909f56bfc062723c751e8b465ee728b)  -> (artifact id: '097493c3ab409e15a84911c6fa40c575') in 0.012834 seconds
  Import took 0.016588 seconds .

========================================================================
Received Import Request.
  Time since last request: 0.063569 seconds.
  path: Assets/Effects/Effect_Source/Click/Click.FBX
  artifactKey: Guid(22eee65d2ef5f78468897b36086e400d) Importer(815301076,1909f56bfc062723c751e8b465ee728b)
Start importing Assets/Effects/Effect_Source/Click/Click.FBX using Guid(22eee65d2ef5f78468897b36086e400d) Importer(815301076,1909f56bfc062723c751e8b465ee728b)  -> (artifact id: '51d3d95eb2951664a9d752c9027170ad') in 0.215254 seconds
  Import took 0.221004 seconds .

========================================================================
Received Import Request.
  Time since last request: 0.000582 seconds.
  path: Assets/Effects/Effect_Source/Click/Direction_Circle.png
  artifactKey: Guid(e8abdd17ede4f93468947ea6dd484f1b) Importer(815301076,1909f56bfc062723c751e8b465ee728b)
Start importing Assets/Effects/Effect_Source/Click/Direction_Circle.png using Guid(e8abdd17ede4f93468947ea6dd484f1b) Importer(815301076,1909f56bfc062723c751e8b465ee728b)  -> (artifact id: 'f964ed81c2998a62aa62918bdb37b186') in 0.045892 seconds
  Import took 0.051288 seconds .

========================================================================
Received Import Request.
  Time since last request: 0.000333 seconds.
  path: Assets/Effects/Effect_Source/Click/DirectionOrange.png
  artifactKey: Guid(6afc7c6c32d4115499f0042addb8d5e5) Importer(815301076,1909f56bfc062723c751e8b465ee728b)
Start importing Assets/Effects/Effect_Source/Click/DirectionOrange.png using Guid(6afc7c6c32d4115499f0042addb8d5e5) Importer(815301076,1909f56bfc062723c751e8b465ee728b)  -> (artifact id: 'cafe4cfda2784222dc553285c1f5cf0b') in 0.024722 seconds
  Import took 0.028594 seconds .

========================================================================
Received Import Request.
  Time since last request: 0.000359 seconds.
  path: Assets/Effects/Effect_Source/Click/DirectionRed_Circle.png
  artifactKey: Guid(4e4bf1d0bb850424292dd866726c721a) Importer(815301076,1909f56bfc062723c751e8b465ee728b)
Start importing Assets/Effects/Effect_Source/Click/DirectionRed_Circle.png using Guid(4e4bf1d0bb850424292dd866726c721a) Importer(815301076,1909f56bfc062723c751e8b465ee728b)  -> (artifact id: '6e574f528bcf425d8b90733e5eaabedf') in 0.024152 seconds
  Import took 0.028074 seconds .

========================================================================
Received Import Request.
  Time since last request: 0.000302 seconds.
  path: Assets/Effects/Effect_Source/Click/DirectionOrange_Circle.png
  artifactKey: Guid(5d405129ecbe55547a97cfb6e9359029) Importer(815301076,1909f56bfc062723c751e8b465ee728b)
Start importing Assets/Effects/Effect_Source/Click/DirectionOrange_Circle.png using Guid(5d405129ecbe55547a97cfb6e9359029) Importer(815301076,1909f56bfc062723c751e8b465ee728b)  -> (artifact id: '9367161cb07e73337bef3e21341224df') in 0.024379 seconds
  Import took 0.027466 seconds .

========================================================================
Received Import Request.
  Time since last request: 0.000276 seconds.
  path: Assets/Effects/Effect_Source/Click/DirectionRed.png
  artifactKey: Guid(cf0db7adf79ca2f42843a30f4a19139f) Importer(815301076,1909f56bfc062723c751e8b465ee728b)
Start importing Assets/Effects/Effect_Source/Click/DirectionRed.png using Guid(cf0db7adf79ca2f42843a30f4a19139f) Importer(815301076,1909f56bfc062723c751e8b465ee728b)  -> (artifact id: '9fc91f852bbb2906a231a3771ed25ee1') in 0.023879 seconds
  Import took 0.027142 seconds .

========================================================================
Received Import Request.
  Time since last request: 0.000309 seconds.
  path: Assets/Effects/Effect_Source/Click/Direction.png
  artifactKey: Guid(e329331607ecbf448b3a5412e5efa66b) Importer(815301076,1909f56bfc062723c751e8b465ee728b)
Start importing Assets/Effects/Effect_Source/Click/Direction.png using Guid(e329331607ecbf448b3a5412e5efa66b) Importer(815301076,1909f56bfc062723c751e8b465ee728b)  -> (artifact id: '62845f97f1125805d8ccec8606a6ad9f') in 0.022455 seconds
  Import took 0.041299 seconds .

========================================================================
Received Prepare
Registering precompiled user dll's ...
Registered in 0.001565 seconds.
Begin MonoManager ReloadAssembly
Native extension for WindowsStandalone target not found
Refreshing native plugins compatible for Editor in 0.34 ms, found 0 plugins.
Preloading 0 native plugins for Editor in 0.00 ms.
Invoked RoslynAnalysisRunner static constructor.
RoslynAnalysisRunner will not be running.
RoslynAnalysisRunner has terminated.
Mono: successfully reloaded assembly
- Completed reload, in  1.154 seconds
Platform modules already initialized, skipping
Refreshing native plugins compatible for Editor in 0.35 ms, found 0 plugins.
Preloading 0 native plugins for Editor in 0.00 ms.
Unloading 1311 Unused Serialized files (Serialized files now loaded: 0)
System memory in use before: 72.5 MB.
System memory in use after: 72.6 MB.

Unloading 5 unused Assets to reduce memory usage. Loaded Objects now: 1796.
Total: 2.178800 ms (FindLiveObjects: 0.263900 ms CreateObjectMapping: 0.129200 ms MarkObjects: 1.765900 ms  DeleteObjects: 0.017700 ms)

========================================================================
Received Prepare
Registering precompiled user dll's ...
Registered in 0.001627 seconds.
Begin MonoManager ReloadAssembly
Native extension for WindowsStandalone target not found
Refreshing native plugins compatible for Editor in 0.36 ms, found 0 plugins.
Preloading 0 native plugins for Editor in 0.00 ms.
Invoked RoslynAnalysisRunner static constructor.
RoslynAnalysisRunner will not be running.
RoslynAnalysisRunner has terminated.
Mono: successfully reloaded assembly
- Completed reload, in  1.247 seconds
Platform modules already initialized, skipping
Refreshing native plugins compatible for Editor in 0.35 ms, found 0 plugins.
Preloading 0 native plugins for Editor in 0.00 ms.
Unloading 1311 Unused Serialized files (Serialized files now loaded: 0)
System memory in use before: 72.8 MB.
System memory in use after: 72.9 MB.

Unloading 5 unused Assets to reduce memory usage. Loaded Objects now: 1798.
Total: 2.214900 ms (FindLiveObjects: 0.216800 ms CreateObjectMapping: 0.150600 ms MarkObjects: 1.830000 ms  DeleteObjects: 0.016200 ms)

========================================================================
Received Import Request.
  Time since last request: 43.790315 seconds.
  path: Assets/Effects/Effect_Source/Click/Click.FBX
  artifactKey: Guid(22eee65d2ef5f78468897b36086e400d) Importer(815301076,1909f56bfc062723c751e8b465ee728b)
Start importing Assets/Effects/Effect_Source/Click/Click.FBX using Guid(22eee65d2ef5f78468897b36086e400d) Importer(815301076,1909f56bfc062723c751e8b465ee728b)  -> (artifact id: '7061779c4af04042d38e1e0c5b87562d') in 0.135781 seconds
  Import took 0.154233 seconds .

========================================================================
Received Import Request.
  Time since last request: 11.882647 seconds.
  path: Assets/Effects/Effect_Source/Click/Materials
  artifactKey: Guid(cf8719c09609a1c4db02932b6511d89c) Importer(815301076,1909f56bfc062723c751e8b465ee728b)
Start importing Assets/Effects/Effect_Source/Click/Materials using Guid(cf8719c09609a1c4db02932b6511d89c) Importer(815301076,1909f56bfc062723c751e8b465ee728b)  -> (artifact id: '49a5478f0e85552524cd7b2446603f23') in 0.037386 seconds
  Import took 0.040608 seconds .

========================================================================
Received Import Request.
  Time since last request: 0.041595 seconds.
  path: Assets/Effects/Effect_Source/Click/Materials/Direction.mat
  artifactKey: Guid(e8159b8a6eca07e489007a04f0661ace) Importer(815301076,1909f56bfc062723c751e8b465ee728b)
Start importing Assets/Effects/Effect_Source/Click/Materials/Direction.mat using Guid(e8159b8a6eca07e489007a04f0661ace) Importer(815301076,1909f56bfc062723c751e8b465ee728b)  -> (artifact id: 'b17e4d5674e079422b494a6b9ddfeb7e') in 0.071655 seconds
  Import took 0.075004 seconds .

========================================================================
Received Import Request.
  Time since last request: 0.000356 seconds.
  path: Assets/Effects/Effect_Source/Click/Materials/DirectionRedCircle.mat
  artifactKey: Guid(591df20797e2bd84db46545f6956039c) Importer(815301076,1909f56bfc062723c751e8b465ee728b)
Start importing Assets/Effects/Effect_Source/Click/Materials/DirectionRedCircle.mat using Guid(591df20797e2bd84db46545f6956039c) Importer(815301076,1909f56bfc062723c751e8b465ee728b)  -> (artifact id: 'f80446dc3c5a0d71d25c0c864384d67e') in 0.026292 seconds
  Import took 0.038737 seconds .

========================================================================
Received Import Request.
  Time since last request: 0.000362 seconds.
  path: Assets/Effects/Effect_Source/Click/Materials/DirectionOrangeCircle.mat
  artifactKey: Guid(ee6b5558f6a546c42af580fce1edb025) Importer(815301076,1909f56bfc062723c751e8b465ee728b)
Start importing Assets/Effects/Effect_Source/Click/Materials/DirectionOrangeCircle.mat using Guid(ee6b5558f6a546c42af580fce1edb025) Importer(815301076,1909f56bfc062723c751e8b465ee728b)  -> (artifact id: 'f41391d438bf42d9f06fa952eb82d7b2') in 0.025518 seconds
  Import took 0.028603 seconds .

========================================================================
Received Import Request.
  Time since last request: 0.000338 seconds.
  path: Assets/Effects/Effect_Source/Click/Materials/DirectionOrange_Circle.mat
  artifactKey: Guid(c93d1f1f6a9ebe14ab428f6793dd4ecc) Importer(815301076,1909f56bfc062723c751e8b465ee728b)
Start importing Assets/Effects/Effect_Source/Click/Materials/DirectionOrange_Circle.mat using Guid(c93d1f1f6a9ebe14ab428f6793dd4ecc) Importer(815301076,1909f56bfc062723c751e8b465ee728b)  -> (artifact id: '85dab892d430e4ba4f4b3aa3a202736f') in 0.024595 seconds
  Import took 0.028600 seconds .

========================================================================
Received Import Request.
  Time since last request: 0.000329 seconds.
  path: Assets/Effects/Effect_Source/Click/Materials/DirectionOrange.mat
  artifactKey: Guid(97a7a7c49c0780f479c4faa703422b42) Importer(815301076,1909f56bfc062723c751e8b465ee728b)
Start importing Assets/Effects/Effect_Source/Click/Materials/DirectionOrange.mat using Guid(97a7a7c49c0780f479c4faa703422b42) Importer(815301076,1909f56bfc062723c751e8b465ee728b)  -> (artifact id: '4e6424a3bb03ea11f1d1c0443c72166b') in 0.019460 seconds
  Import took 0.033967 seconds .

========================================================================
Received Import Request.
  Time since last request: 0.000389 seconds.
  path: Assets/Effects/Effect_Source/Click/Materials/DirectionCircle.mat
  artifactKey: Guid(0e14dee9c3e43e04a88d4ceae97d4b99) Importer(815301076,1909f56bfc062723c751e8b465ee728b)
Start importing Assets/Effects/Effect_Source/Click/Materials/DirectionCircle.mat using Guid(0e14dee9c3e43e04a88d4ceae97d4b99) Importer(815301076,1909f56bfc062723c751e8b465ee728b)  -> (artifact id: 'e1a8cd751511e3b90eae910aacfe0e00') in 0.026650 seconds
  Import took 0.029737 seconds .

========================================================================
Received Import Request.
  Time since last request: 0.000324 seconds.
  path: Assets/Effects/Effect_Source/Click/Materials/DirectionRed.mat
  artifactKey: Guid(b4facdc2f5e74b64c97c00124f90b5f6) Importer(815301076,1909f56bfc062723c751e8b465ee728b)
Start importing Assets/Effects/Effect_Source/Click/Materials/DirectionRed.mat using Guid(b4facdc2f5e74b64c97c00124f90b5f6) Importer(815301076,1909f56bfc062723c751e8b465ee728b)  -> (artifact id: '6b7ad948f1fc5fbc44770ea2b4e46acb') in 0.019241 seconds
  Import took 0.022382 seconds .

========================================================================
Received Prepare
Registering precompiled user dll's ...
Registered in 0.001610 seconds.
Begin MonoManager ReloadAssembly
Native extension for WindowsStandalone target not found
Refreshing native plugins compatible for Editor in 0.43 ms, found 0 plugins.
Preloading 0 native plugins for Editor in 0.00 ms.
Invoked RoslynAnalysisRunner static constructor.
RoslynAnalysisRunner will not be running.
RoslynAnalysisRunner has terminated.
Mono: successfully reloaded assembly
- Completed reload, in  1.206 seconds
Platform modules already initialized, skipping
Refreshing native plugins compatible for Editor in 0.37 ms, found 0 plugins.
Preloading 0 native plugins for Editor in 0.00 ms.
Unloading 1311 Unused Serialized files (Serialized files now loaded: 0)
System memory in use before: 73.3 MB.
System memory in use after: 73.4 MB.

Unloading 5 unused Assets to reduce memory usage. Loaded Objects now: 1834.
Total: 2.450200 ms (FindLiveObjects: 0.435400 ms CreateObjectMapping: 0.141300 ms MarkObjects: 1.853100 ms  DeleteObjects: 0.018500 ms)

========================================================================
Received Import Request.
  Time since last request: 126.615172 seconds.
  path: Assets/Effects/DestroyForTime.cs
  artifactKey: Guid(84416921156c4ea4582b7aa4b6faf066) Importer(815301076,1909f56bfc062723c751e8b465ee728b)
Start importing Assets/Effects/DestroyForTime.cs using Guid(84416921156c4ea4582b7aa4b6faf066) Importer(815301076,1909f56bfc062723c751e8b465ee728b)  -> (artifact id: '9539aa6c9067991bad6742f0f76523ba') in 0.015318 seconds
  Import took 0.026688 seconds .

========================================================================
Received Import Request.
  Time since last request: 6.651522 seconds.
  path: Assets/Effects/ScrollUV.cs
  artifactKey: Guid(ac330f99223cc4140a3d4fa7fff6c092) Importer(815301076,1909f56bfc062723c751e8b465ee728b)
Start importing Assets/Effects/ScrollUV.cs using Guid(ac330f99223cc4140a3d4fa7fff6c092) Importer(815301076,1909f56bfc062723c751e8b465ee728b)  -> (artifact id: '70d8e6766b6d15058ba482e51b5fde59') in 0.012519 seconds
  Import took 0.025231 seconds .

========================================================================
Received Prepare
Registering precompiled user dll's ...
Registered in 0.001550 seconds.
Begin MonoManager ReloadAssembly
Native extension for WindowsStandalone target not found
Refreshing native plugins compatible for Editor in 0.36 ms, found 0 plugins.
Preloading 0 native plugins for Editor in 0.00 ms.
Invoked RoslynAnalysisRunner static constructor.
RoslynAnalysisRunner will not be running.
RoslynAnalysisRunner has terminated.
Mono: successfully reloaded assembly
- Completed reload, in  1.138 seconds
Platform modules already initialized, skipping
Refreshing native plugins compatible for Editor in 0.35 ms, found 0 plugins.
Preloading 0 native plugins for Editor in 0.00 ms.
Unloading 1311 Unused Serialized files (Serialized files now loaded: 0)
System memory in use before: 73.7 MB.
System memory in use after: 73.8 MB.

Unloading 5 unused Assets to reduce memory usage. Loaded Objects now: 1836.
Total: 2.133800 ms (FindLiveObjects: 0.228700 ms CreateObjectMapping: 0.117600 ms MarkObjects: 1.769800 ms  DeleteObjects: 0.016600 ms)

========================================================================
Received Prepare
Registering precompiled user dll's ...
Registered in 0.001645 seconds.
Begin MonoManager ReloadAssembly
Native extension for WindowsStandalone target not found
Refreshing native plugins compatible for Editor in 0.38 ms, found 0 plugins.
Preloading 0 native plugins for Editor in 0.00 ms.
Invoked RoslynAnalysisRunner static constructor.
RoslynAnalysisRunner will not be running.
RoslynAnalysisRunner has terminated.
Mono: successfully reloaded assembly
- Completed reload, in  1.360 seconds
Platform modules already initialized, skipping
Refreshing native plugins compatible for Editor in 0.35 ms, found 0 plugins.
Preloading 0 native plugins for Editor in 0.00 ms.
Unloading 1311 Unused Serialized files (Serialized files now loaded: 0)
System memory in use before: 73.0 MB.
System memory in use after: 73.1 MB.

Unloading 5 unused Assets to reduce memory usage. Loaded Objects now: 1838.
Total: 2.148700 ms (FindLiveObjects: 0.284500 ms CreateObjectMapping: 0.100100 ms MarkObjects: 1.748100 ms  DeleteObjects: 0.014900 ms)

========================================================================
Received Prepare
Registering precompiled user dll's ...
Registered in 0.001563 seconds.
Begin MonoManager ReloadAssembly
Native extension for WindowsStandalone target not found
Refreshing native plugins compatible for Editor in 0.38 ms, found 0 plugins.
Preloading 0 native plugins for Editor in 0.00 ms.
Invoked RoslynAnalysisRunner static constructor.
RoslynAnalysisRunner will not be running.
RoslynAnalysisRunner has terminated.
Mono: successfully reloaded assembly
- Completed reload, in  1.344 seconds
Platform modules already initialized, skipping
Refreshing native plugins compatible for Editor in 0.36 ms, found 0 plugins.
Preloading 0 native plugins for Editor in 0.00 ms.
Unloading 1311 Unused Serialized files (Serialized files now loaded: 0)
System memory in use before: 73.3 MB.
System memory in use after: 73.4 MB.

Unloading 5 unused Assets to reduce memory usage. Loaded Objects now: 1840.
Total: 2.680400 ms (FindLiveObjects: 0.297500 ms CreateObjectMapping: 0.189900 ms MarkObjects: 2.171700 ms  DeleteObjects: 0.019100 ms)

========================================================================
Received Import Request.
  Time since last request: 268.008570 seconds.
  path: Assets/Scenes/Game.unity
  artifactKey: Guid(9fc0d4010bbf28b4594072e72b8655ab) Importer(815301076,1909f56bfc062723c751e8b465ee728b)
Start importing Assets/Scenes/Game.unity using Guid(9fc0d4010bbf28b4594072e72b8655ab) Importer(815301076,1909f56bfc062723c751e8b465ee728b)  -> (artifact id: 'a22e95393b1db6e4372abcae55e2a37e') in 0.026701 seconds
  Import took 0.030830 seconds .

========================================================================
Received Prepare
Registering precompiled user dll's ...
Registered in 0.001580 seconds.
Begin MonoManager ReloadAssembly
Native extension for WindowsStandalone target not found
Refreshing native plugins compatible for Editor in 0.36 ms, found 0 plugins.
Preloading 0 native plugins for Editor in 0.00 ms.
Invoked RoslynAnalysisRunner static constructor.
RoslynAnalysisRunner will not be running.
RoslynAnalysisRunner has terminated.
Mono: successfully reloaded assembly
- Completed reload, in  1.242 seconds
Platform modules already initialized, skipping
Refreshing native plugins compatible for Editor in 0.42 ms, found 0 plugins.
Preloading 0 native plugins for Editor in 0.00 ms.
Unloading 1311 Unused Serialized files (Serialized files now loaded: 0)
System memory in use before: 73.4 MB.
System memory in use after: 73.5 MB.

Unloading 5 unused Assets to reduce memory usage. Loaded Objects now: 1842.
Total: 2.187400 ms (FindLiveObjects: 0.286200 ms CreateObjectMapping: 0.098400 ms MarkObjects: 1.785700 ms  DeleteObjects: 0.015900 ms)

========================================================================
Received Prepare
Registering precompiled user dll's ...
Registered in 0.001568 seconds.
Begin MonoManager ReloadAssembly
Native extension for WindowsStandalone target not found
Refreshing native plugins compatible for Editor in 0.60 ms, found 0 plugins.
Preloading 0 native plugins for Editor in 0.00 ms.
Invoked RoslynAnalysisRunner static constructor.
RoslynAnalysisRunner will not be running.
RoslynAnalysisRunner has terminated.
Mono: successfully reloaded assembly
- Completed reload, in  1.255 seconds
Platform modules already initialized, skipping
Refreshing native plugins compatible for Editor in 0.35 ms, found 0 plugins.
Preloading 0 native plugins for Editor in 0.00 ms.
Unloading 1311 Unused Serialized files (Serialized files now loaded: 0)
System memory in use before: 73.0 MB.
System memory in use after: 73.1 MB.

Unloading 5 unused Assets to reduce memory usage. Loaded Objects now: 1844.
Total: 2.165500 ms (FindLiveObjects: 0.260600 ms CreateObjectMapping: 0.129800 ms MarkObjects: 1.756300 ms  DeleteObjects: 0.016700 ms)

========================================================================
Received Prepare
Registering precompiled user dll's ...
Registered in 0.001546 seconds.
Begin MonoManager ReloadAssembly
Native extension for WindowsStandalone target not found
Refreshing native plugins compatible for Editor in 0.35 ms, found 0 plugins.
Preloading 0 native plugins for Editor in 0.00 ms.
Invoked RoslynAnalysisRunner static constructor.
RoslynAnalysisRunner will not be running.
RoslynAnalysisRunner has terminated.
Mono: successfully reloaded assembly
- Completed reload, in  1.342 seconds
Platform modules already initialized, skipping
Refreshing native plugins compatible for Editor in 0.49 ms, found 0 plugins.
Preloading 0 native plugins for Editor in 0.00 ms.
Unloading 1311 Unused Serialized files (Serialized files now loaded: 0)
System memory in use before: 73.4 MB.
System memory in use after: 73.5 MB.

Unloading 5 unused Assets to reduce memory usage. Loaded Objects now: 1846.
Total: 2.332500 ms (FindLiveObjects: 0.191500 ms CreateObjectMapping: 0.081800 ms MarkObjects: 2.037500 ms  DeleteObjects: 0.020100 ms)

========================================================================
Received Import Request.
  Time since last request: 610.851275 seconds.
  path: Assets/Animatior/CharacterController.controller
  artifactKey: Guid(7a9f599c49797434485c0e1d9e99f200) Importer(815301076,1909f56bfc062723c751e8b465ee728b)
Start importing Assets/Animatior/CharacterController.controller using Guid(7a9f599c49797434485c0e1d9e99f200) Importer(815301076,1909f56bfc062723c751e8b465ee728b)  -> (artifact id: '13342b9ea282288a0d7ce6e42c5d02e2') in 0.168170 seconds
  Import took 0.207356 seconds .

========================================================================
Received Prepare
Registering precompiled user dll's ...
Registered in 0.002023 seconds.
Begin MonoManager ReloadAssembly
Native extension for WindowsStandalone target not found
Refreshing native plugins compatible for Editor in 0.36 ms, found 0 plugins.
Preloading 0 native plugins for Editor in 0.00 ms.
Invoked RoslynAnalysisRunner static constructor.
RoslynAnalysisRunner will not be running.
RoslynAnalysisRunner has terminated.
Mono: successfully reloaded assembly
- Completed reload, in  1.262 seconds
Platform modules already initialized, skipping
Refreshing native plugins compatible for Editor in 0.36 ms, found 0 plugins.
Preloading 0 native plugins for Editor in 0.00 ms.
Unloading 1311 Unused Serialized files (Serialized files now loaded: 0)
System memory in use before: 73.4 MB.
System memory in use after: 73.5 MB.

Unloading 5 unused Assets to reduce memory usage. Loaded Objects now: 1848.
Total: 2.208800 ms (FindLiveObjects: 0.245500 ms CreateObjectMapping: 0.130300 ms MarkObjects: 1.813100 ms  DeleteObjects: 0.018200 ms)

========================================================================
Received Prepare
Registering precompiled user dll's ...
Registered in 0.002177 seconds.
Begin MonoManager ReloadAssembly
Native extension for WindowsStandalone target not found
Refreshing native plugins compatible for Editor in 0.38 ms, found 0 plugins.
Preloading 0 native plugins for Editor in 0.00 ms.
Invoked RoslynAnalysisRunner static constructor.
RoslynAnalysisRunner will not be running.
RoslynAnalysisRunner has terminated.
Mono: successfully reloaded assembly
- Completed reload, in  1.283 seconds
Platform modules already initialized, skipping
Refreshing native plugins compatible for Editor in 0.35 ms, found 0 plugins.
Preloading 0 native plugins for Editor in 0.00 ms.
Unloading 1311 Unused Serialized files (Serialized files now loaded: 0)
System memory in use before: 73.0 MB.
System memory in use after: 73.2 MB.

Unloading 5 unused Assets to reduce memory usage. Loaded Objects now: 1850.
Total: 2.276000 ms (FindLiveObjects: 0.269100 ms CreateObjectMapping: 0.138400 ms MarkObjects: 1.832200 ms  DeleteObjects: 0.034500 ms)

========================================================================
Received Prepare
Registering precompiled user dll's ...
Registered in 0.002217 seconds.
Begin MonoManager ReloadAssembly
Native extension for WindowsStandalone target not found
Refreshing native plugins compatible for Editor in 0.64 ms, found 0 plugins.
Preloading 0 native plugins for Editor in 0.00 ms.
Invoked RoslynAnalysisRunner static constructor.
RoslynAnalysisRunner will not be running.
RoslynAnalysisRunner has terminated.
Mono: successfully reloaded assembly
- Completed reload, in  1.258 seconds
Platform modules already initialized, skipping
Refreshing native plugins compatible for Editor in 0.37 ms, found 0 plugins.
Preloading 0 native plugins for Editor in 0.00 ms.
Unloading 1311 Unused Serialized files (Serialized files now loaded: 0)
System memory in use before: 73.4 MB.
System memory in use after: 73.5 MB.

Unloading 5 unused Assets to reduce memory usage. Loaded Objects now: 1852.
Total: 2.025100 ms (FindLiveObjects: 0.218100 ms CreateObjectMapping: 0.106400 ms MarkObjects: 1.684000 ms  DeleteObjects: 0.015400 ms)

========================================================================
Received Import Request.
  Time since last request: 298.262210 seconds.
  path: Assets/Script/MovePlayer.cs
  artifactKey: Guid(043f0284b69b91148a822b06ffde2f30) Importer(815301076,1909f56bfc062723c751e8b465ee728b)
Start importing Assets/Script/MovePlayer.cs using Guid(043f0284b69b91148a822b06ffde2f30) Importer(815301076,1909f56bfc062723c751e8b465ee728b)  -> (artifact id: '2ff09b9cfbb113a1937f1944eec65e29') in 0.014644 seconds
  Import took 0.018024 seconds .

========================================================================
Received Import Request.
  Time since last request: 0.026405 seconds.
  path: Assets/Script/MovePlayer.cs
  artifactKey: Guid(043f0284b69b91148a822b06ffde2f30) Importer(815301076,1909f56bfc062723c751e8b465ee728b)
Start importing Assets/Script/MovePlayer.cs using Guid(043f0284b69b91148a822b06ffde2f30) Importer(815301076,1909f56bfc062723c751e8b465ee728b)  -> (artifact id: '2ff09b9cfbb113a1937f1944eec65e29') in 0.005621 seconds
  Import took 0.009061 seconds .

========================================================================
Received Prepare
Registering precompiled user dll's ...
Registered in 0.001639 seconds.
Begin MonoManager ReloadAssembly
Native extension for WindowsStandalone target not found
Refreshing native plugins compatible for Editor in 0.36 ms, found 0 plugins.
Preloading 0 native plugins for Editor in 0.00 ms.
Invoked RoslynAnalysisRunner static constructor.
RoslynAnalysisRunner will not be running.
RoslynAnalysisRunner has terminated.
Mono: successfully reloaded assembly
- Completed reload, in  1.172 seconds
Platform modules already initialized, skipping
Refreshing native plugins compatible for Editor in 0.35 ms, found 0 plugins.
Preloading 0 native plugins for Editor in 0.00 ms.
Unloading 1311 Unused Serialized files (Serialized files now loaded: 0)
System memory in use before: 73.4 MB.
System memory in use after: 73.5 MB.

Unloading 5 unused Assets to reduce memory usage. Loaded Objects now: 1854.
Total: 2.454300 ms (FindLiveObjects: 0.388700 ms CreateObjectMapping: 0.140100 ms MarkObjects: 1.897000 ms  DeleteObjects: 0.026900 ms)

========================================================================
Received Import Request.
  Time since last request: 124.367030 seconds.
  path: Assets/Script/PlayerAnimation.cs
  artifactKey: Guid(c75fd619b7d27b741972d6c4b9803fb5) Importer(815301076,1909f56bfc062723c751e8b465ee728b)
Start importing Assets/Script/PlayerAnimation.cs using Guid(c75fd619b7d27b741972d6c4b9803fb5) Importer(815301076,1909f56bfc062723c751e8b465ee728b)  -> (artifact id: '2f64542abc9ca3445a00a4a37dbc1a56') in 0.012604 seconds
  Import took 0.016602 seconds .

========================================================================
Received Import Request.
  Time since last request: 2.012152 seconds.
  path: Assets/Script/PlayerAnimation.cs
  artifactKey: Guid(c75fd619b7d27b741972d6c4b9803fb5) Importer(815301076,1909f56bfc062723c751e8b465ee728b)
Start importing Assets/Script/PlayerAnimation.cs using Guid(c75fd619b7d27b741972d6c4b9803fb5) Importer(815301076,1909f56bfc062723c751e8b465ee728b)  -> (artifact id: '2f64542abc9ca3445a00a4a37dbc1a56') in 0.005720 seconds
  Import took 0.009430 seconds .

========================================================================
Received Prepare
Registering precompiled user dll's ...
Registered in 0.001611 seconds.
Begin MonoManager ReloadAssembly
Native extension for WindowsStandalone target not found
Refreshing native plugins compatible for Editor in 0.35 ms, found 0 plugins.
Preloading 0 native plugins for Editor in 0.00 ms.
Invoked RoslynAnalysisRunner static constructor.
RoslynAnalysisRunner will not be running.
RoslynAnalysisRunner has terminated.
Mono: successfully reloaded assembly
- Completed reload, in  1.208 seconds
Platform modules already initialized, skipping
Refreshing native plugins compatible for Editor in 0.42 ms, found 0 plugins.
Preloading 0 native plugins for Editor in 0.00 ms.
Unloading 1311 Unused Serialized files (Serialized files now loaded: 0)
System memory in use before: 73.1 MB.
System memory in use after: 73.2 MB.

Unloading 5 unused Assets to reduce memory usage. Loaded Objects now: 1856.
Total: 2.427000 ms (FindLiveObjects: 0.408700 ms CreateObjectMapping: 0.153600 ms MarkObjects: 1.845100 ms  DeleteObjects: 0.017400 ms)

========================================================================
Received Prepare
Registering precompiled user dll's ...
Registered in 0.001780 seconds.
Begin MonoManager ReloadAssembly
Native extension for WindowsStandalone target not found
Refreshing native plugins compatible for Editor in 0.35 ms, found 0 plugins.
Preloading 0 native plugins for Editor in 0.00 ms.
Invoked RoslynAnalysisRunner static constructor.
RoslynAnalysisRunner will not be running.
RoslynAnalysisRunner has terminated.
Mono: successfully reloaded assembly
- Completed reload, in  1.160 seconds
Platform modules already initialized, skipping
Refreshing native plugins compatible for Editor in 0.35 ms, found 0 plugins.
Preloading 0 native plugins for Editor in 0.00 ms.
Unloading 1311 Unused Serialized files (Serialized files now loaded: 0)
System memory in use before: 73.4 MB.
System memory in use after: 73.5 MB.

Unloading 5 unused Assets to reduce memory usage. Loaded Objects now: 1858.
Total: 2.233100 ms (FindLiveObjects: 0.259100 ms CreateObjectMapping: 0.123800 ms MarkObjects: 1.822700 ms  DeleteObjects: 0.026200 ms)

========================================================================
Received Prepare
Registering precompiled user dll's ...
Registered in 0.001541 seconds.
Begin MonoManager ReloadAssembly
Native extension for WindowsStandalone target not found
Refreshing native plugins compatible for Editor in 0.39 ms, found 0 plugins.
Preloading 0 native plugins for Editor in 0.00 ms.
Invoked RoslynAnalysisRunner static constructor.
RoslynAnalysisRunner will not be running.
RoslynAnalysisRunner has terminated.
Mono: successfully reloaded assembly
- Completed reload, in  1.304 seconds
Platform modules already initialized, skipping
Refreshing native plugins compatible for Editor in 0.38 ms, found 0 plugins.
Preloading 0 native plugins for Editor in 0.00 ms.
Unloading 1311 Unused Serialized files (Serialized files now loaded: 0)
System memory in use before: 73.4 MB.
System memory in use after: 73.5 MB.

Unloading 5 unused Assets to reduce memory usage. Loaded Objects now: 1860.
Total: 2.314600 ms (FindLiveObjects: 0.329300 ms CreateObjectMapping: 0.121700 ms MarkObjects: 1.825800 ms  DeleteObjects: 0.036100 ms)

========================================================================
Received Prepare
Registering precompiled user dll's ...
Registered in 0.001655 seconds.
Begin MonoManager ReloadAssembly
Native extension for WindowsStandalone target not found
Refreshing native plugins compatible for Editor in 0.35 ms, found 0 plugins.
Preloading 0 native plugins for Editor in 0.00 ms.
Invoked RoslynAnalysisRunner static constructor.
RoslynAnalysisRunner will not be running.
RoslynAnalysisRunner has terminated.
Mono: successfully reloaded assembly
- Completed reload, in  1.284 seconds
Platform modules already initialized, skipping
Refreshing native plugins compatible for Editor in 0.44 ms, found 0 plugins.
Preloading 0 native plugins for Editor in 0.00 ms.
Unloading 1311 Unused Serialized files (Serialized files now loaded: 0)
System memory in use before: 73.1 MB.
System memory in use after: 73.2 MB.

Unloading 5 unused Assets to reduce memory usage. Loaded Objects now: 1862.
Total: 2.342700 ms (FindLiveObjects: 0.291100 ms CreateObjectMapping: 0.096200 ms MarkObjects: 1.931800 ms  DeleteObjects: 0.021800 ms)

========================================================================
Received Import Request.
  Time since last request: 260.587301 seconds.
  path: Assets/Effects/Effect_Prefeb/Efx_Click_Orange.prefab
  artifactKey: Guid(11926e1938b62114cb1bec2050650d19) Importer(815301076,1909f56bfc062723c751e8b465ee728b)
Start importing Assets/Effects/Effect_Prefeb/Efx_Click_Orange.prefab using Guid(11926e1938b62114cb1bec2050650d19) Importer(815301076,1909f56bfc062723c751e8b465ee728b)  -> (artifact id: '12e79e3f7d36b7eb87d05888595c51fe') in 0.118137 seconds
  Import took 0.122811 seconds .

========================================================================
Received Prepare
Registering precompiled user dll's ...
Registered in 0.001593 seconds.
Begin MonoManager ReloadAssembly
Native extension for WindowsStandalone target not found
Refreshing native plugins compatible for Editor in 0.38 ms, found 0 plugins.
Preloading 0 native plugins for Editor in 0.00 ms.
Invoked RoslynAnalysisRunner static constructor.
RoslynAnalysisRunner will not be running.
RoslynAnalysisRunner has terminated.
Mono: successfully reloaded assembly
- Completed reload, in  1.285 seconds
Platform modules already initialized, skipping
Refreshing native plugins compatible for Editor in 0.35 ms, found 0 plugins.
Preloading 0 native plugins for Editor in 0.00 ms.
Unloading 1311 Unused Serialized files (Serialized files now loaded: 0)
System memory in use before: 73.4 MB.
System memory in use after: 73.5 MB.

Unloading 5 unused Assets to reduce memory usage. Loaded Objects now: 1865.
Total: 2.931000 ms (FindLiveObjects: 0.329100 ms CreateObjectMapping: 0.135700 ms MarkObjects: 2.443800 ms  DeleteObjects: 0.020900 ms)

========================================================================
Received Prepare
Registering precompiled user dll's ...
Registered in 0.001480 seconds.
Begin MonoManager ReloadAssembly
Native extension for WindowsStandalone target not found
Refreshing native plugins compatible for Editor in 0.35 ms, found 0 plugins.
Preloading 0 native plugins for Editor in 0.00 ms.
Invoked RoslynAnalysisRunner static constructor.
RoslynAnalysisRunner will not be running.
RoslynAnalysisRunner has terminated.
Mono: successfully reloaded assembly
- Completed reload, in  1.276 seconds
Platform modules already initialized, skipping
Refreshing native plugins compatible for Editor in 0.35 ms, found 0 plugins.
Preloading 0 native plugins for Editor in 0.00 ms.
Unloading 1311 Unused Serialized files (Serialized files now loaded: 0)
System memory in use before: 73.4 MB.
System memory in use after: 73.5 MB.

Unloading 5 unused Assets to reduce memory usage. Loaded Objects now: 1867.
Total: 2.090100 ms (FindLiveObjects: 0.241200 ms CreateObjectMapping: 0.115800 ms MarkObjects: 1.711800 ms  DeleteObjects: 0.019800 ms)

========================================================================
Received Prepare
Registering precompiled user dll's ...
Registered in 0.002317 seconds.
Begin MonoManager ReloadAssembly
Native extension for WindowsStandalone target not found
Refreshing native plugins compatible for Editor in 0.64 ms, found 0 plugins.
Preloading 0 native plugins for Editor in 0.00 ms.
Invoked RoslynAnalysisRunner static constructor.
RoslynAnalysisRunner will not be running.
RoslynAnalysisRunner has terminated.
Mono: successfully reloaded assembly
- Completed reload, in  1.334 seconds
Platform modules already initialized, skipping
Refreshing native plugins compatible for Editor in 0.35 ms, found 0 plugins.
Preloading 0 native plugins for Editor in 0.00 ms.
Unloading 1311 Unused Serialized files (Serialized files now loaded: 0)
System memory in use before: 73.1 MB.
System memory in use after: 73.2 MB.

Unloading 5 unused Assets to reduce memory usage. Loaded Objects now: 1869.
Total: 2.189500 ms (FindLiveObjects: 0.227800 ms CreateObjectMapping: 0.122100 ms MarkObjects: 1.823600 ms  DeleteObjects: 0.014800 ms)

========================================================================
Received Prepare
Registering precompiled user dll's ...
Registered in 0.001573 seconds.
Begin MonoManager ReloadAssembly
Native extension for WindowsStandalone target not found
Refreshing native plugins compatible for Editor in 0.35 ms, found 0 plugins.
Preloading 0 native plugins for Editor in 0.00 ms.
Invoked RoslynAnalysisRunner static constructor.
RoslynAnalysisRunner will not be running.
RoslynAnalysisRunner has terminated.
Mono: successfully reloaded assembly
- Completed reload, in  1.240 seconds
Platform modules already initialized, skipping
Refreshing native plugins compatible for Editor in 0.35 ms, found 0 plugins.
Preloading 0 native plugins for Editor in 0.00 ms.
Unloading 1311 Unused Serialized files (Serialized files now loaded: 0)
System memory in use before: 73.4 MB.
System memory in use after: 73.5 MB.

Unloading 5 unused Assets to reduce memory usage. Loaded Objects now: 1871.
Total: 2.139100 ms (FindLiveObjects: 0.266700 ms CreateObjectMapping: 0.108300 ms MarkObjects: 1.747000 ms  DeleteObjects: 0.015900 ms)

========================================================================
Received Prepare
Registering precompiled user dll's ...
Registered in 0.001557 seconds.
Begin MonoManager ReloadAssembly
Native extension for WindowsStandalone target not found
Refreshing native plugins compatible for Editor in 0.37 ms, found 0 plugins.
Preloading 0 native plugins for Editor in 0.00 ms.
Invoked RoslynAnalysisRunner static constructor.
RoslynAnalysisRunner will not be running.
RoslynAnalysisRunner has terminated.
Mono: successfully reloaded assembly
- Completed reload, in  1.191 seconds
Platform modules already initialized, skipping
Refreshing native plugins compatible for Editor in 0.39 ms, found 0 plugins.
Preloading 0 native plugins for Editor in 0.00 ms.
Unloading 1311 Unused Serialized files (Serialized files now loaded: 0)
System memory in use before: 73.4 MB.
System memory in use after: 73.5 MB.

Unloading 5 unused Assets to reduce memory usage. Loaded Objects now: 1873.
Total: 2.624700 ms (FindLiveObjects: 0.262500 ms CreateObjectMapping: 0.149500 ms MarkObjects: 2.191700 ms  DeleteObjects: 0.019400 ms)

========================================================================
Received Prepare
Registering precompiled user dll's ...
Registered in 0.002512 seconds.
Begin MonoManager ReloadAssembly
Native extension for WindowsStandalone target not found
Refreshing native plugins compatible for Editor in 0.36 ms, found 0 plugins.
Preloading 0 native plugins for Editor in 0.00 ms.
Invoked RoslynAnalysisRunner static constructor.
RoslynAnalysisRunner will not be running.
RoslynAnalysisRunner has terminated.
Mono: successfully reloaded assembly
- Completed reload, in  1.260 seconds
Platform modules already initialized, skipping
Refreshing native plugins compatible for Editor in 0.36 ms, found 0 plugins.
Preloading 0 native plugins for Editor in 0.00 ms.
Unloading 1311 Unused Serialized files (Serialized files now loaded: 0)
System memory in use before: 73.1 MB.
System memory in use after: 73.2 MB.

Unloading 5 unused Assets to reduce memory usage. Loaded Objects now: 1875.
Total: 2.193000 ms (FindLiveObjects: 0.208500 ms CreateObjectMapping: 0.106200 ms MarkObjects: 1.861700 ms  DeleteObjects: 0.015600 ms)

========================================================================
Received Import Request.
  Time since last request: 269.535224 seconds.
  path: Assets/Animatior/CharacterController.controller
  artifactKey: Guid(7a9f599c49797434485c0e1d9e99f200) Importer(815301076,1909f56bfc062723c751e8b465ee728b)
Start importing Assets/Animatior/CharacterController.controller using Guid(7a9f599c49797434485c0e1d9e99f200) Importer(815301076,1909f56bfc062723c751e8b465ee728b)  -> (artifact id: 'db82e79daf2560c6033338ef14830254') in 0.022743 seconds
  Import took 0.041769 seconds .

========================================================================
Received Prepare
Registering precompiled user dll's ...
Registered in 0.001689 seconds.
Begin MonoManager ReloadAssembly
Native extension for WindowsStandalone target not found
Refreshing native plugins compatible for Editor in 0.41 ms, found 0 plugins.
Preloading 0 native plugins for Editor in 0.00 ms.
Invoked RoslynAnalysisRunner static constructor.
RoslynAnalysisRunner will not be running.
RoslynAnalysisRunner has terminated.
Mono: successfully reloaded assembly
- Completed reload, in  1.194 seconds
Platform modules already initialized, skipping
Refreshing native plugins compatible for Editor in 0.35 ms, found 0 plugins.
Preloading 0 native plugins for Editor in 0.00 ms.
Unloading 1311 Unused Serialized files (Serialized files now loaded: 0)
System memory in use before: 73.5 MB.
System memory in use after: 73.6 MB.

Unloading 5 unused Assets to reduce memory usage. Loaded Objects now: 1877.
Total: 2.205300 ms (FindLiveObjects: 0.268300 ms CreateObjectMapping: 0.098200 ms MarkObjects: 1.821500 ms  DeleteObjects: 0.016100 ms)

========================================================================
Received Import Request.
  Time since last request: 48.112592 seconds.
  path: Assets/Effects/Effect_Prefeb/Efx_Click_Orange.prefab
  artifactKey: Guid(11926e1938b62114cb1bec2050650d19) Importer(815301076,1909f56bfc062723c751e8b465ee728b)
Start importing Assets/Effects/Effect_Prefeb/Efx_Click_Orange.prefab using Guid(11926e1938b62114cb1bec2050650d19) Importer(815301076,1909f56bfc062723c751e8b465ee728b)  -> (artifact id: 'e764f82fe761b387c4d42944b63e5ece') in 0.082866 seconds
  Import took 0.086686 seconds .

========================================================================
Received Import Request.
  Time since last request: 2.536102 seconds.
  path: Assets/Effects/Effect_Prefeb/Efx_Click_Orange.prefab
  artifactKey: Guid(11926e1938b62114cb1bec2050650d19) Importer(815301076,1909f56bfc062723c751e8b465ee728b)
Start importing Assets/Effects/Effect_Prefeb/Efx_Click_Orange.prefab using Guid(11926e1938b62114cb1bec2050650d19) Importer(815301076,1909f56bfc062723c751e8b465ee728b)  -> (artifact id: 'e764f82fe761b387c4d42944b63e5ece') in 0.018698 seconds
  Import took 0.022473 seconds .

========================================================================
Received Prepare
Registering precompiled user dll's ...
Registered in 0.002798 seconds.
Begin MonoManager ReloadAssembly
Native extension for WindowsStandalone target not found
Refreshing native plugins compatible for Editor in 0.36 ms, found 0 plugins.
Preloading 0 native plugins for Editor in 0.00 ms.
Invoked RoslynAnalysisRunner static constructor.
RoslynAnalysisRunner will not be running.
RoslynAnalysisRunner has terminated.
Mono: successfully reloaded assembly
- Completed reload, in  1.158 seconds
Platform modules already initialized, skipping
Refreshing native plugins compatible for Editor in 0.35 ms, found 0 plugins.
Preloading 0 native plugins for Editor in 0.00 ms.
Unloading 1311 Unused Serialized files (Serialized files now loaded: 0)
System memory in use before: 73.5 MB.
System memory in use after: 73.6 MB.

Unloading 5 unused Assets to reduce memory usage. Loaded Objects now: 1880.
Total: 2.273000 ms (FindLiveObjects: 0.284300 ms CreateObjectMapping: 0.103600 ms MarkObjects: 1.765000 ms  DeleteObjects: 0.119000 ms)

========================================================================
Received Prepare
Registering precompiled user dll's ...
Registered in 0.001870 seconds.
Begin MonoManager ReloadAssembly
Native extension for WindowsStandalone target not found
Refreshing native plugins compatible for Editor in 0.62 ms, found 0 plugins.
Preloading 0 native plugins for Editor in 0.00 ms.
Invoked RoslynAnalysisRunner static constructor.
RoslynAnalysisRunner will not be running.
RoslynAnalysisRunner has terminated.
Mono: successfully reloaded assembly
- Completed reload, in  1.236 seconds
Platform modules already initialized, skipping
Refreshing native plugins compatible for Editor in 0.36 ms, found 0 plugins.
Preloading 0 native plugins for Editor in 0.00 ms.
Unloading 1311 Unused Serialized files (Serialized files now loaded: 0)
System memory in use before: 73.1 MB.
System memory in use after: 73.3 MB.

Unloading 5 unused Assets to reduce memory usage. Loaded Objects now: 1882.
Total: 2.264600 ms (FindLiveObjects: 0.262300 ms CreateObjectMapping: 0.120800 ms MarkObjects: 1.862900 ms  DeleteObjects: 0.017400 ms)

========================================================================
Received Prepare
Registering precompiled user dll's ...
Registered in 0.001501 seconds.
Begin MonoManager ReloadAssembly
Native extension for WindowsStandalone target not found
Refreshing native plugins compatible for Editor in 0.39 ms, found 0 plugins.
Preloading 0 native plugins for Editor in 0.00 ms.
Invoked RoslynAnalysisRunner static constructor.
RoslynAnalysisRunner will not be running.
RoslynAnalysisRunner has terminated.
Mono: successfully reloaded assembly
- Completed reload, in  1.130 seconds
Platform modules already initialized, skipping
Refreshing native plugins compatible for Editor in 0.36 ms, found 0 plugins.
Preloading 0 native plugins for Editor in 0.00 ms.
Unloading 1311 Unused Serialized files (Serialized files now loaded: 0)
System memory in use before: 73.5 MB.
System memory in use after: 73.6 MB.

Unloading 5 unused Assets to reduce memory usage. Loaded Objects now: 1884.
Total: 2.218200 ms (FindLiveObjects: 0.240500 ms CreateObjectMapping: 0.116000 ms MarkObjects: 1.835000 ms  DeleteObjects: 0.025200 ms)

========================================================================
Received Prepare
Registering precompiled user dll's ...
Registered in 0.001519 seconds.
Begin MonoManager ReloadAssembly
Native extension for WindowsStandalone target not found
Refreshing native plugins compatible for Editor in 0.35 ms, found 0 plugins.
Preloading 0 native plugins for Editor in 0.00 ms.
Invoked RoslynAnalysisRunner static constructor.
RoslynAnalysisRunner will not be running.
RoslynAnalysisRunner has terminated.
Mono: successfully reloaded assembly
- Completed reload, in  1.228 seconds
Platform modules already initialized, skipping
Refreshing native plugins compatible for Editor in 0.36 ms, found 0 plugins.
Preloading 0 native plugins for Editor in 0.00 ms.
Unloading 1311 Unused Serialized files (Serialized files now loaded: 0)
System memory in use before: 73.5 MB.
System memory in use after: 73.6 MB.

Unloading 5 unused Assets to reduce memory usage. Loaded Objects now: 1886.
Total: 2.479800 ms (FindLiveObjects: 0.287900 ms CreateObjectMapping: 0.139700 ms MarkObjects: 2.032100 ms  DeleteObjects: 0.018000 ms)

========================================================================
Received Prepare
Registering precompiled user dll's ...
Registered in 0.001624 seconds.
Begin MonoManager ReloadAssembly
Native extension for WindowsStandalone target not found
Refreshing native plugins compatible for Editor in 0.35 ms, found 0 plugins.
Preloading 0 native plugins for Editor in 0.00 ms.
Invoked RoslynAnalysisRunner static constructor.
RoslynAnalysisRunner will not be running.
RoslynAnalysisRunner has terminated.
Mono: successfully reloaded assembly
- Completed reload, in  1.258 seconds
Platform modules already initialized, skipping
Refreshing native plugins compatible for Editor in 0.35 ms, found 0 plugins.
Preloading 0 native plugins for Editor in 0.00 ms.
Unloading 1311 Unused Serialized files (Serialized files now loaded: 0)
System memory in use before: 73.2 MB.
System memory in use after: 73.3 MB.

Unloading 5 unused Assets to reduce memory usage. Loaded Objects now: 1888.
Total: 2.304400 ms (FindLiveObjects: 0.356900 ms CreateObjectMapping: 0.121100 ms MarkObjects: 1.789200 ms  DeleteObjects: 0.035500 ms)

========================================================================
Received Prepare
Registering precompiled user dll's ...
Registered in 0.001527 seconds.
Begin MonoManager ReloadAssembly
Native extension for WindowsStandalone target not found
Refreshing native plugins compatible for Editor in 0.36 ms, found 0 plugins.
Preloading 0 native plugins for Editor in 0.00 ms.
Invoked RoslynAnalysisRunner static constructor.
RoslynAnalysisRunner will not be running.
RoslynAnalysisRunner has terminated.
Mono: successfully reloaded assembly
- Completed reload, in  1.325 seconds
Platform modules already initialized, skipping
Refreshing native plugins compatible for Editor in 0.36 ms, found 0 plugins.
Preloading 0 native plugins for Editor in 0.00 ms.
Unloading 1311 Unused Serialized files (Serialized files now loaded: 0)
System memory in use before: 73.5 MB.
System memory in use after: 73.6 MB.

Unloading 5 unused Assets to reduce memory usage. Loaded Objects now: 1890.
Total: 2.388300 ms (FindLiveObjects: 0.371000 ms CreateObjectMapping: 0.134000 ms MarkObjects: 1.856200 ms  DeleteObjects: 0.025900 ms)

========================================================================
Received Prepare
Registering precompiled user dll's ...
Registered in 0.001499 seconds.
Begin MonoManager ReloadAssembly
Native extension for WindowsStandalone target not found
Refreshing native plugins compatible for Editor in 0.37 ms, found 0 plugins.
Preloading 0 native plugins for Editor in 0.00 ms.
Invoked RoslynAnalysisRunner static constructor.
RoslynAnalysisRunner will not be running.
RoslynAnalysisRunner has terminated.
Mono: successfully reloaded assembly
- Completed reload, in  1.196 seconds
Platform modules already initialized, skipping
Refreshing native plugins compatible for Editor in 0.35 ms, found 0 plugins.
Preloading 0 native plugins for Editor in 0.00 ms.
Unloading 1311 Unused Serialized files (Serialized files now loaded: 0)
System memory in use before: 73.5 MB.
System memory in use after: 73.6 MB.

Unloading 5 unused Assets to reduce memory usage. Loaded Objects now: 1892.
Total: 2.210300 ms (FindLiveObjects: 0.248500 ms CreateObjectMapping: 0.111100 ms MarkObjects: 1.832300 ms  DeleteObjects: 0.017000 ms)

========================================================================
Received Prepare
Registering precompiled user dll's ...
Registered in 0.001606 seconds.
Begin MonoManager ReloadAssembly
Native extension for WindowsStandalone target not found
Refreshing native plugins compatible for Editor in 0.35 ms, found 0 plugins.
Preloading 0 native plugins for Editor in 0.00 ms.
Invoked RoslynAnalysisRunner static constructor.
RoslynAnalysisRunner will not be running.
RoslynAnalysisRunner has terminated.
Mono: successfully reloaded assembly
- Completed reload, in  1.286 seconds
Platform modules already initialized, skipping
Refreshing native plugins compatible for Editor in 0.35 ms, found 0 plugins.
Preloading 0 native plugins for Editor in 0.00 ms.
Unloading 1311 Unused Serialized files (Serialized files now loaded: 0)
System memory in use before: 73.2 MB.
System memory in use after: 73.3 MB.

Unloading 5 unused Assets to reduce memory usage. Loaded Objects now: 1894.
Total: 2.659700 ms (FindLiveObjects: 0.342900 ms CreateObjectMapping: 0.177700 ms MarkObjects: 2.118100 ms  DeleteObjects: 0.018900 ms)

========================================================================
Received Prepare
Registering precompiled user dll's ...
Registered in 0.001539 seconds.
Begin MonoManager ReloadAssembly
Native extension for WindowsStandalone target not found
Refreshing native plugins compatible for Editor in 0.36 ms, found 0 plugins.
Preloading 0 native plugins for Editor in 0.00 ms.
Invoked RoslynAnalysisRunner static constructor.
RoslynAnalysisRunner will not be running.
RoslynAnalysisRunner has terminated.
Mono: successfully reloaded assembly
- Completed reload, in  1.181 seconds
Platform modules already initialized, skipping
Refreshing native plugins compatible for Editor in 0.34 ms, found 0 plugins.
Preloading 0 native plugins for Editor in 0.00 ms.
Unloading 1311 Unused Serialized files (Serialized files now loaded: 0)
System memory in use before: 73.5 MB.
System memory in use after: 73.6 MB.

Unloading 5 unused Assets to reduce memory usage. Loaded Objects now: 1896.
Total: 2.452500 ms (FindLiveObjects: 0.346900 ms CreateObjectMapping: 0.145400 ms MarkObjects: 1.942900 ms  DeleteObjects: 0.016100 ms)

========================================================================
Received Prepare
Registering precompiled user dll's ...
Registered in 0.001576 seconds.
Begin MonoManager ReloadAssembly
Native extension for WindowsStandalone target not found
Refreshing native plugins compatible for Editor in 0.39 ms, found 0 plugins.
Preloading 0 native plugins for Editor in 0.00 ms.
Invoked RoslynAnalysisRunner static constructor.
RoslynAnalysisRunner will not be running.
RoslynAnalysisRunner has terminated.
Mono: successfully reloaded assembly
- Completed reload, in  1.200 seconds
Platform modules already initialized, skipping
Refreshing native plugins compatible for Editor in 0.34 ms, found 0 plugins.
Preloading 0 native plugins for Editor in 0.00 ms.
Unloading 1311 Unused Serialized files (Serialized files now loaded: 0)
System memory in use before: 73.5 MB.
System memory in use after: 73.6 MB.

Unloading 5 unused Assets to reduce memory usage. Loaded Objects now: 1898.
Total: 2.080500 ms (FindLiveObjects: 0.189500 ms CreateObjectMapping: 0.072200 ms MarkObjects: 1.799800 ms  DeleteObjects: 0.017500 ms)

========================================================================
Received Prepare
Registering precompiled user dll's ...
Registered in 0.001556 seconds.
Begin MonoManager ReloadAssembly
Native extension for WindowsStandalone target not found
Refreshing native plugins compatible for Editor in 0.39 ms, found 0 plugins.
Preloading 0 native plugins for Editor in 0.00 ms.
Invoked RoslynAnalysisRunner static constructor.
RoslynAnalysisRunner will not be running.
RoslynAnalysisRunner has terminated.
Mono: successfully reloaded assembly
- Completed reload, in  1.189 seconds
Platform modules already initialized, skipping
Refreshing native plugins compatible for Editor in 0.36 ms, found 0 plugins.
Preloading 0 native plugins for Editor in 0.00 ms.
Unloading 1311 Unused Serialized files (Serialized files now loaded: 0)
System memory in use before: 73.2 MB.
System memory in use after: 73.3 MB.

Unloading 5 unused Assets to reduce memory usage. Loaded Objects now: 1900.
Total: 2.269900 ms (FindLiveObjects: 0.302400 ms CreateObjectMapping: 0.124300 ms MarkObjects: 1.823400 ms  DeleteObjects: 0.017700 ms)

========================================================================
Received Prepare
Registering precompiled user dll's ...
Registered in 0.001710 seconds.
Begin MonoManager ReloadAssembly
Native extension for WindowsStandalone target not found
Refreshing native plugins compatible for Editor in 0.35 ms, found 0 plugins.
Preloading 0 native plugins for Editor in 0.00 ms.
Invoked RoslynAnalysisRunner static constructor.
RoslynAnalysisRunner will not be running.
RoslynAnalysisRunner has terminated.
Mono: successfully reloaded assembly
- Completed reload, in  1.246 seconds
Platform modules already initialized, skipping
Refreshing native plugins compatible for Editor in 0.36 ms, found 0 plugins.
Preloading 0 native plugins for Editor in 0.00 ms.
Unloading 1311 Unused Serialized files (Serialized files now loaded: 0)
System memory in use before: 73.5 MB.
System memory in use after: 73.6 MB.

Unloading 5 unused Assets to reduce memory usage. Loaded Objects now: 1902.
Total: 2.448800 ms (FindLiveObjects: 0.319100 ms CreateObjectMapping: 0.157800 ms MarkObjects: 1.950000 ms  DeleteObjects: 0.020400 ms)

========================================================================
Received Import Request.
  Time since last request: 971.628099 seconds.
  path: Assets/Effects/Effect_Prefeb/Efx_Click_Orange.prefab
  artifactKey: Guid(11926e1938b62114cb1bec2050650d19) Importer(815301076,1909f56bfc062723c751e8b465ee728b)
Start importing Assets/Effects/Effect_Prefeb/Efx_Click_Orange.prefab using Guid(11926e1938b62114cb1bec2050650d19) Importer(815301076,1909f56bfc062723c751e8b465ee728b)  -> (artifact id: '25f838dd7cf934b98589bd9ab6c89fdd') in 0.106622 seconds
  Import took 0.111801 seconds .

========================================================================
Received Prepare
Registering precompiled user dll's ...
Registered in 0.002205 seconds.
Begin MonoManager ReloadAssembly
Native extension for WindowsStandalone target not found
Refreshing native plugins compatible for Editor in 0.34 ms, found 0 plugins.
Preloading 0 native plugins for Editor in 0.00 ms.
Invoked RoslynAnalysisRunner static constructor.
RoslynAnalysisRunner will not be running.
RoslynAnalysisRunner has terminated.
Mono: successfully reloaded assembly
- Completed reload, in  1.291 seconds
Platform modules already initialized, skipping
Refreshing native plugins compatible for Editor in 0.41 ms, found 0 plugins.
Preloading 0 native plugins for Editor in 0.00 ms.
Unloading 1311 Unused Serialized files (Serialized files now loaded: 0)
System memory in use before: 73.5 MB.
System memory in use after: 73.6 MB.

Unloading 5 unused Assets to reduce memory usage. Loaded Objects now: 1905.
Total: 2.892200 ms (FindLiveObjects: 0.549800 ms CreateObjectMapping: 0.150600 ms MarkObjects: 2.172000 ms  DeleteObjects: 0.017400 ms)

========================================================================
Received Prepare
Registering precompiled user dll's ...
Registered in 0.001586 seconds.
Begin MonoManager ReloadAssembly
Native extension for WindowsStandalone target not found
Refreshing native plugins compatible for Editor in 0.35 ms, found 0 plugins.
Preloading 0 native plugins for Editor in 0.00 ms.
Invoked RoslynAnalysisRunner static constructor.
RoslynAnalysisRunner will not be running.
RoslynAnalysisRunner has terminated.
Mono: successfully reloaded assembly
- Completed reload, in  1.199 seconds
Platform modules already initialized, skipping
Refreshing native plugins compatible for Editor in 0.34 ms, found 0 plugins.
Preloading 0 native plugins for Editor in 0.00 ms.
Unloading 1311 Unused Serialized files (Serialized files now loaded: 0)
System memory in use before: 73.2 MB.
System memory in use after: 73.3 MB.

Unloading 5 unused Assets to reduce memory usage. Loaded Objects now: 1907.
Total: 2.268300 ms (FindLiveObjects: 0.232100 ms CreateObjectMapping: 0.112900 ms MarkObjects: 1.887600 ms  DeleteObjects: 0.034500 ms)

========================================================================
Received Prepare
Registering precompiled user dll's ...
Registered in 0.002190 seconds.
Begin MonoManager ReloadAssembly
Native extension for WindowsStandalone target not found
Refreshing native plugins compatible for Editor in 0.60 ms, found 0 plugins.
Preloading 0 native plugins for Editor in 0.00 ms.
Invoked RoslynAnalysisRunner static constructor.
RoslynAnalysisRunner will not be running.
RoslynAnalysisRunner has terminated.
Mono: successfully reloaded assembly
- Completed reload, in  1.215 seconds
Platform modules already initialized, skipping
Refreshing native plugins compatible for Editor in 0.36 ms, found 0 plugins.
Preloading 0 native plugins for Editor in 0.00 ms.
Unloading 1311 Unused Serialized files (Serialized files now loaded: 0)
System memory in use before: 73.5 MB.
System memory in use after: 73.6 MB.

Unloading 5 unused Assets to reduce memory usage. Loaded Objects now: 1909.
Total: 2.356500 ms (FindLiveObjects: 0.252800 ms CreateObjectMapping: 0.107200 ms MarkObjects: 1.978100 ms  DeleteObjects: 0.017200 ms)

========================================================================
Received Prepare
Registering precompiled user dll's ...
Registered in 0.001606 seconds.
Begin MonoManager ReloadAssembly
Native extension for WindowsStandalone target not found
Refreshing native plugins compatible for Editor in 0.38 ms, found 0 plugins.
Preloading 0 native plugins for Editor in 0.00 ms.
Invoked RoslynAnalysisRunner static constructor.
RoslynAnalysisRunner will not be running.
RoslynAnalysisRunner has terminated.
Mono: successfully reloaded assembly
- Completed reload, in  1.344 seconds
Platform modules already initialized, skipping
Refreshing native plugins compatible for Editor in 0.35 ms, found 0 plugins.
Preloading 0 native plugins for Editor in 0.00 ms.
Unloading 1311 Unused Serialized files (Serialized files now loaded: 0)
System memory in use before: 73.6 MB.
System memory in use after: 73.7 MB.

Unloading 5 unused Assets to reduce memory usage. Loaded Objects now: 1911.
Total: 2.272700 ms (FindLiveObjects: 0.245200 ms CreateObjectMapping: 0.129700 ms MarkObjects: 1.877400 ms  DeleteObjects: 0.018300 ms)

========================================================================
Received Prepare
Registering precompiled user dll's ...
Registered in 0.001640 seconds.
Begin MonoManager ReloadAssembly
Native extension for WindowsStandalone target not found
Refreshing native plugins compatible for Editor in 0.35 ms, found 0 plugins.
Preloading 0 native plugins for Editor in 0.00 ms.
Invoked RoslynAnalysisRunner static constructor.
RoslynAnalysisRunner will not be running.
RoslynAnalysisRunner has terminated.
Mono: successfully reloaded assembly
- Completed reload, in  1.285 seconds
Platform modules already initialized, skipping
Refreshing native plugins compatible for Editor in 0.34 ms, found 0 plugins.
Preloading 0 native plugins for Editor in 0.00 ms.
Unloading 1311 Unused Serialized files (Serialized files now loaded: 0)
System memory in use before: 73.2 MB.
System memory in use after: 73.3 MB.

Unloading 5 unused Assets to reduce memory usage. Loaded Objects now: 1913.
Total: 2.284100 ms (FindLiveObjects: 0.284300 ms CreateObjectMapping: 0.104000 ms MarkObjects: 1.879100 ms  DeleteObjects: 0.015100 ms)

========================================================================
Received Prepare
Registering precompiled user dll's ...
Registered in 0.002228 seconds.
Begin MonoManager ReloadAssembly
Native extension for WindowsStandalone target not found
Refreshing native plugins compatible for Editor in 0.36 ms, found 0 plugins.
Preloading 0 native plugins for Editor in 0.00 ms.
Invoked RoslynAnalysisRunner static constructor.
RoslynAnalysisRunner will not be running.
RoslynAnalysisRunner has terminated.
Mono: successfully reloaded assembly
- Completed reload, in  1.280 seconds
Platform modules already initialized, skipping
Refreshing native plugins compatible for Editor in 0.38 ms, found 0 plugins.
Preloading 0 native plugins for Editor in 0.00 ms.
Unloading 1311 Unused Serialized files (Serialized files now loaded: 0)
System memory in use before: 73.5 MB.
System memory in use after: 73.7 MB.

Unloading 5 unused Assets to reduce memory usage. Loaded Objects now: 1915.
Total: 2.541000 ms (FindLiveObjects: 0.252900 ms CreateObjectMapping: 0.111200 ms MarkObjects: 2.157100 ms  DeleteObjects: 0.018700 ms)

========================================================================
Received Prepare
Registering precompiled user dll's ...
Registered in 0.001537 seconds.
Begin MonoManager ReloadAssembly
Native extension for WindowsStandalone target not found
Refreshing native plugins compatible for Editor in 0.35 ms, found 0 plugins.
Preloading 0 native plugins for Editor in 0.00 ms.
Invoked RoslynAnalysisRunner static constructor.
RoslynAnalysisRunner will not be running.
RoslynAnalysisRunner has terminated.
Mono: successfully reloaded assembly
- Completed reload, in  1.220 seconds
Platform modules already initialized, skipping
Refreshing native plugins compatible for Editor in 0.36 ms, found 0 plugins.
Preloading 0 native plugins for Editor in 0.00 ms.
Unloading 1311 Unused Serialized files (Serialized files now loaded: 0)
System memory in use before: 73.6 MB.
System memory in use after: 73.7 MB.

Unloading 5 unused Assets to reduce memory usage. Loaded Objects now: 1917.
Total: 2.160600 ms (FindLiveObjects: 0.257600 ms CreateObjectMapping: 0.111400 ms MarkObjects: 1.774300 ms  DeleteObjects: 0.016200 ms)

========================================================================
Received Prepare
Registering precompiled user dll's ...
Registered in 0.001906 seconds.
Begin MonoManager ReloadAssembly
Native extension for WindowsStandalone target not found
Refreshing native plugins compatible for Editor in 0.36 ms, found 0 plugins.
Preloading 0 native plugins for Editor in 0.00 ms.
Invoked RoslynAnalysisRunner static constructor.
RoslynAnalysisRunner will not be running.
RoslynAnalysisRunner has terminated.
Mono: successfully reloaded assembly
- Completed reload, in  1.121 seconds
Platform modules already initialized, skipping
Refreshing native plugins compatible for Editor in 0.35 ms, found 0 plugins.
Preloading 0 native plugins for Editor in 0.00 ms.
Unloading 1311 Unused Serialized files (Serialized files now loaded: 0)
System memory in use before: 73.2 MB.
System memory in use after: 73.3 MB.

Unloading 5 unused Assets to reduce memory usage. Loaded Objects now: 1919.
Total: 2.407600 ms (FindLiveObjects: 0.299500 ms CreateObjectMapping: 0.134900 ms MarkObjects: 1.953700 ms  DeleteObjects: 0.018100 ms)

========================================================================
Received Prepare
Registering precompiled user dll's ...
Registered in 0.001485 seconds.
Begin MonoManager ReloadAssembly
Native extension for WindowsStandalone target not found
Refreshing native plugins compatible for Editor in 0.61 ms, found 0 plugins.
Preloading 0 native plugins for Editor in 0.00 ms.
Invoked RoslynAnalysisRunner static constructor.
RoslynAnalysisRunner will not be running.
RoslynAnalysisRunner has terminated.
Mono: successfully reloaded assembly
- Completed reload, in  1.178 seconds
Platform modules already initialized, skipping
Refreshing native plugins compatible for Editor in 0.34 ms, found 0 plugins.
Preloading 0 native plugins for Editor in 0.00 ms.
Unloading 1311 Unused Serialized files (Serialized files now loaded: 0)
System memory in use before: 73.6 MB.
System memory in use after: 73.7 MB.

Unloading 5 unused Assets to reduce memory usage. Loaded Objects now: 1921.
Total: 2.255700 ms (FindLiveObjects: 0.302700 ms CreateObjectMapping: 0.118200 ms MarkObjects: 1.817700 ms  DeleteObjects: 0.016000 ms)

========================================================================
Received Prepare
Registering precompiled user dll's ...
Registered in 0.001558 seconds.
Begin MonoManager ReloadAssembly
Native extension for WindowsStandalone target not found
Refreshing native plugins compatible for Editor in 0.37 ms, found 0 plugins.
Preloading 0 native plugins for Editor in 0.00 ms.
Invoked RoslynAnalysisRunner static constructor.
RoslynAnalysisRunner will not be running.
RoslynAnalysisRunner has terminated.
Mono: successfully reloaded assembly
- Completed reload, in  1.189 seconds
Platform modules already initialized, skipping
Refreshing native plugins compatible for Editor in 0.48 ms, found 0 plugins.
Preloading 0 native plugins for Editor in 0.00 ms.
Unloading 1311 Unused Serialized files (Serialized files now loaded: 0)
System memory in use before: 73.6 MB.
System memory in use after: 73.7 MB.

Unloading 5 unused Assets to reduce memory usage. Loaded Objects now: 1923.
Total: 2.342900 ms (FindLiveObjects: 0.372500 ms CreateObjectMapping: 0.131000 ms MarkObjects: 1.821500 ms  DeleteObjects: 0.016600 ms)

========================================================================
Received Prepare
Registering precompiled user dll's ...
Registered in 0.001650 seconds.
Begin MonoManager ReloadAssembly
Native extension for WindowsStandalone target not found
Refreshing native plugins compatible for Editor in 0.35 ms, found 0 plugins.
Preloading 0 native plugins for Editor in 0.00 ms.
Invoked RoslynAnalysisRunner static constructor.
RoslynAnalysisRunner will not be running.
RoslynAnalysisRunner has terminated.
Mono: successfully reloaded assembly
- Completed reload, in  1.146 seconds
Platform modules already initialized, skipping
Refreshing native plugins compatible for Editor in 0.36 ms, found 0 plugins.
Preloading 0 native plugins for Editor in 0.00 ms.
Unloading 1311 Unused Serialized files (Serialized files now loaded: 0)
System memory in use before: 73.2 MB.
System memory in use after: 73.3 MB.

Unloading 5 unused Assets to reduce memory usage. Loaded Objects now: 1925.
Total: 2.175700 ms (FindLiveObjects: 0.232000 ms CreateObjectMapping: 0.118700 ms MarkObjects: 1.806700 ms  DeleteObjects: 0.016900 ms)

========================================================================
Received Prepare
Registering precompiled user dll's ...
Registered in 0.001613 seconds.
Begin MonoManager ReloadAssembly
Native extension for WindowsStandalone target not found
Refreshing native plugins compatible for Editor in 0.36 ms, found 0 plugins.
Preloading 0 native plugins for Editor in 0.00 ms.
Invoked RoslynAnalysisRunner static constructor.
RoslynAnalysisRunner will not be running.
RoslynAnalysisRunner has terminated.
Mono: successfully reloaded assembly
- Completed reload, in  1.241 seconds
Platform modules already initialized, skipping
Refreshing native plugins compatible for Editor in 0.39 ms, found 0 plugins.
Preloading 0 native plugins for Editor in 0.00 ms.
Unloading 1311 Unused Serialized files (Serialized files now loaded: 0)
System memory in use before: 73.6 MB.
System memory in use after: 73.7 MB.

Unloading 5 unused Assets to reduce memory usage. Loaded Objects now: 1927.
Total: 3.136000 ms (FindLiveObjects: 0.349000 ms CreateObjectMapping: 0.130200 ms MarkObjects: 2.636800 ms  DeleteObjects: 0.018300 ms)

========================================================================
Received Prepare
Registering precompiled user dll's ...
Registered in 0.001563 seconds.
Begin MonoManager ReloadAssembly
Native extension for WindowsStandalone target not found
Refreshing native plugins compatible for Editor in 0.52 ms, found 0 plugins.
Preloading 0 native plugins for Editor in 0.00 ms.
Invoked RoslynAnalysisRunner static constructor.
RoslynAnalysisRunner will not be running.
RoslynAnalysisRunner has terminated.
Mono: successfully reloaded assembly
- Completed reload, in  1.085 seconds
Platform modules already initialized, skipping
Refreshing native plugins compatible for Editor in 0.36 ms, found 0 plugins.
Preloading 0 native plugins for Editor in 0.00 ms.
Unloading 1311 Unused Serialized files (Serialized files now loaded: 0)
System memory in use before: 73.6 MB.
System memory in use after: 73.7 MB.

Unloading 5 unused Assets to reduce memory usage. Loaded Objects now: 1929.
Total: 2.524800 ms (FindLiveObjects: 0.292300 ms CreateObjectMapping: 0.161400 ms MarkObjects: 2.050100 ms  DeleteObjects: 0.019200 ms)

========================================================================
Received Prepare
Registering precompiled user dll's ...
Registered in 0.001705 seconds.
Begin MonoManager ReloadAssembly
Native extension for WindowsStandalone target not found
Refreshing native plugins compatible for Editor in 0.36 ms, found 0 plugins.
Preloading 0 native plugins for Editor in 0.00 ms.
Invoked RoslynAnalysisRunner static constructor.
RoslynAnalysisRunner will not be running.
RoslynAnalysisRunner has terminated.
Mono: successfully reloaded assembly
- Completed reload, in  1.319 seconds
Platform modules already initialized, skipping
Refreshing native plugins compatible for Editor in 0.37 ms, found 0 plugins.
Preloading 0 native plugins for Editor in 0.00 ms.
Unloading 1311 Unused Serialized files (Serialized files now loaded: 0)
System memory in use before: 73.2 MB.
System memory in use after: 73.4 MB.

Unloading 5 unused Assets to reduce memory usage. Loaded Objects now: 1931.
Total: 2.590500 ms (FindLiveObjects: 0.413400 ms CreateObjectMapping: 0.174500 ms MarkObjects: 1.979600 ms  DeleteObjects: 0.020800 ms)

========================================================================
Received Prepare
Registering precompiled user dll's ...
Registered in 0.001577 seconds.
Begin MonoManager ReloadAssembly
Native extension for WindowsStandalone target not found
Refreshing native plugins compatible for Editor in 0.35 ms, found 0 plugins.
Preloading 0 native plugins for Editor in 0.00 ms.
Invoked RoslynAnalysisRunner static constructor.
RoslynAnalysisRunner will not be running.
RoslynAnalysisRunner has terminated.
Mono: successfully reloaded assembly
- Completed reload, in  1.212 seconds
Platform modules already initialized, skipping
Refreshing native plugins compatible for Editor in 0.35 ms, found 0 plugins.
Preloading 0 native plugins for Editor in 0.00 ms.
Unloading 1311 Unused Serialized files (Serialized files now loaded: 0)
System memory in use before: 73.6 MB.
System memory in use after: 73.7 MB.

Unloading 5 unused Assets to reduce memory usage. Loaded Objects now: 1933.
Total: 2.271700 ms (FindLiveObjects: 0.304500 ms CreateObjectMapping: 0.103600 ms MarkObjects: 1.844600 ms  DeleteObjects: 0.017300 ms)

========================================================================
Received Prepare
Registering precompiled user dll's ...
Registered in 0.001520 seconds.
Begin MonoManager ReloadAssembly
Native extension for WindowsStandalone target not found
Refreshing native plugins compatible for Editor in 0.61 ms, found 0 plugins.
Preloading 0 native plugins for Editor in 0.00 ms.
Invoked RoslynAnalysisRunner static constructor.
RoslynAnalysisRunner will not be running.
RoslynAnalysisRunner has terminated.
Mono: successfully reloaded assembly
- Completed reload, in  1.174 seconds
Platform modules already initialized, skipping
Refreshing native plugins compatible for Editor in 0.35 ms, found 0 plugins.
Preloading 0 native plugins for Editor in 0.00 ms.
Unloading 1311 Unused Serialized files (Serialized files now loaded: 0)
System memory in use before: 73.6 MB.
System memory in use after: 73.7 MB.

Unloading 5 unused Assets to reduce memory usage. Loaded Objects now: 1935.
Total: 2.575100 ms (FindLiveObjects: 0.313500 ms CreateObjectMapping: 0.144300 ms MarkObjects: 2.095800 ms  DeleteObjects: 0.019200 ms)

========================================================================
Received Prepare
Registering precompiled user dll's ...
Registered in 0.001820 seconds.
Begin MonoManager ReloadAssembly
Native extension for WindowsStandalone target not found
Refreshing native plugins compatible for Editor in 0.56 ms, found 0 plugins.
Preloading 0 native plugins for Editor in 0.00 ms.
Invoked RoslynAnalysisRunner static constructor.
RoslynAnalysisRunner will not be running.
RoslynAnalysisRunner has terminated.
Mono: successfully reloaded assembly
- Completed reload, in  1.179 seconds
Platform modules already initialized, skipping
Refreshing native plugins compatible for Editor in 0.35 ms, found 0 plugins.
Preloading 0 native plugins for Editor in 0.00 ms.
Unloading 1311 Unused Serialized files (Serialized files now loaded: 0)
System memory in use before: 73.3 MB.
System memory in use after: 73.4 MB.

Unloading 5 unused Assets to reduce memory usage. Loaded Objects now: 1937.
Total: 1.963900 ms (FindLiveObjects: 0.205600 ms CreateObjectMapping: 0.071900 ms MarkObjects: 1.668500 ms  DeleteObjects: 0.016000 ms)

========================================================================
Received Prepare
Registering precompiled user dll's ...
Registered in 0.001671 seconds.
Begin MonoManager ReloadAssembly
Native extension for WindowsStandalone target not found
Refreshing native plugins compatible for Editor in 0.36 ms, found 0 plugins.
Preloading 0 native plugins for Editor in 0.00 ms.
Invoked RoslynAnalysisRunner static constructor.
RoslynAnalysisRunner will not be running.
RoslynAnalysisRunner has terminated.
Mono: successfully reloaded assembly
- Completed reload, in  1.118 seconds
Platform modules already initialized, skipping
Refreshing native plugins compatible for Editor in 0.36 ms, found 0 plugins.
Preloading 0 native plugins for Editor in 0.00 ms.
Unloading 1311 Unused Serialized files (Serialized files now loaded: 0)
System memory in use before: 73.6 MB.
System memory in use after: 73.7 MB.

Unloading 5 unused Assets to reduce memory usage. Loaded Objects now: 1939.
Total: 2.347700 ms (FindLiveObjects: 0.238800 ms CreateObjectMapping: 0.129800 ms MarkObjects: 1.961000 ms  DeleteObjects: 0.016800 ms)

========================================================================
Received Prepare
Registering precompiled user dll's ...
Registered in 0.002279 seconds.
Begin MonoManager ReloadAssembly
Native extension for WindowsStandalone target not found
Refreshing native plugins compatible for Editor in 0.36 ms, found 0 plugins.
Preloading 0 native plugins for Editor in 0.00 ms.
Invoked RoslynAnalysisRunner static constructor.
RoslynAnalysisRunner will not be running.
RoslynAnalysisRunner has terminated.
Mono: successfully reloaded assembly
- Completed reload, in  1.363 seconds
Platform modules already initialized, skipping
Refreshing native plugins compatible for Editor in 0.35 ms, found 0 plugins.
Preloading 0 native plugins for Editor in 0.00 ms.
Unloading 1311 Unused Serialized files (Serialized files now loaded: 0)
System memory in use before: 73.6 MB.
System memory in use after: 73.7 MB.

Unloading 5 unused Assets to reduce memory usage. Loaded Objects now: 1941.
Total: 2.168000 ms (FindLiveObjects: 0.284900 ms CreateObjectMapping: 0.097700 ms MarkObjects: 1.757100 ms  DeleteObjects: 0.027000 ms)

========================================================================
Received Prepare
Registering precompiled user dll's ...
Registered in 0.001516 seconds.
Begin MonoManager ReloadAssembly
Native extension for WindowsStandalone target not found
Refreshing native plugins compatible for Editor in 0.39 ms, found 0 plugins.
Preloading 0 native plugins for Editor in 0.00 ms.
Invoked RoslynAnalysisRunner static constructor.
RoslynAnalysisRunner will not be running.
RoslynAnalysisRunner has terminated.
Mono: successfully reloaded assembly
- Completed reload, in  1.224 seconds
Platform modules already initialized, skipping
Refreshing native plugins compatible for Editor in 0.35 ms, found 0 plugins.
Preloading 0 native plugins for Editor in 0.00 ms.
Unloading 1311 Unused Serialized files (Serialized files now loaded: 0)
System memory in use before: 73.3 MB.
System memory in use after: 73.4 MB.

Unloading 5 unused Assets to reduce memory usage. Loaded Objects now: 1943.
Total: 2.268900 ms (FindLiveObjects: 0.250200 ms CreateObjectMapping: 0.137200 ms MarkObjects: 1.846300 ms  DeleteObjects: 0.034000 ms)

========================================================================
Received Prepare
Registering precompiled user dll's ...
Registered in 0.001741 seconds.
Begin MonoManager ReloadAssembly
Native extension for WindowsStandalone target not found
Refreshing native plugins compatible for Editor in 0.50 ms, found 0 plugins.
Preloading 0 native plugins for Editor in 0.00 ms.
Invoked RoslynAnalysisRunner static constructor.
RoslynAnalysisRunner will not be running.
RoslynAnalysisRunner has terminated.
Mono: successfully reloaded assembly
- Completed reload, in  1.237 seconds
Platform modules already initialized, skipping
Refreshing native plugins compatible for Editor in 0.35 ms, found 0 plugins.
Preloading 0 native plugins for Editor in 0.00 ms.
Unloading 1311 Unused Serialized files (Serialized files now loaded: 0)
System memory in use before: 73.6 MB.
System memory in use after: 73.7 MB.

Unloading 5 unused Assets to reduce memory usage. Loaded Objects now: 1945.
Total: 2.454400 ms (FindLiveObjects: 0.414400 ms CreateObjectMapping: 0.141400 ms MarkObjects: 1.878400 ms  DeleteObjects: 0.018400 ms)

========================================================================
Received Prepare
Registering precompiled user dll's ...
Registered in 0.001719 seconds.
Begin MonoManager ReloadAssembly
Native extension for WindowsStandalone target not found
Refreshing native plugins compatible for Editor in 0.43 ms, found 0 plugins.
Preloading 0 native plugins for Editor in 0.00 ms.
Invoked RoslynAnalysisRunner static constructor.
RoslynAnalysisRunner will not be running.
RoslynAnalysisRunner has terminated.
Mono: successfully reloaded assembly
- Completed reload, in  1.191 seconds
Platform modules already initialized, skipping
Refreshing native plugins compatible for Editor in 0.57 ms, found 0 plugins.
Preloading 0 native plugins for Editor in 0.00 ms.
Unloading 1311 Unused Serialized files (Serialized files now loaded: 0)
System memory in use before: 73.6 MB.
System memory in use after: 73.7 MB.

Unloading 5 unused Assets to reduce memory usage. Loaded Objects now: 1947.
Total: 3.317300 ms (FindLiveObjects: 0.409700 ms CreateObjectMapping: 0.219300 ms MarkObjects: 2.660900 ms  DeleteObjects: 0.026100 ms)

========================================================================
Received Prepare
Registering precompiled user dll's ...
Registered in 0.002264 seconds.
Begin MonoManager ReloadAssembly
Native extension for WindowsStandalone target not found
Refreshing native plugins compatible for Editor in 0.61 ms, found 0 plugins.
Preloading 0 native plugins for Editor in 0.00 ms.
Invoked RoslynAnalysisRunner static constructor.
RoslynAnalysisRunner will not be running.
RoslynAnalysisRunner has terminated.
Mono: successfully reloaded assembly
- Completed reload, in  1.335 seconds
Platform modules already initialized, skipping
Refreshing native plugins compatible for Editor in 0.40 ms, found 0 plugins.
Preloading 0 native plugins for Editor in 0.00 ms.
Unloading 1311 Unused Serialized files (Serialized files now loaded: 0)
System memory in use before: 73.3 MB.
System memory in use after: 73.4 MB.

Unloading 5 unused Assets to reduce memory usage. Loaded Objects now: 1949.
Total: 2.501400 ms (FindLiveObjects: 0.261000 ms CreateObjectMapping: 0.127000 ms MarkObjects: 2.094000 ms  DeleteObjects: 0.017700 ms)

AssetImportWorkerClient::OnTransportError - code=2 error=End of file
